<!DOCTYPE html>

<html>
  <head>
  <meta charset='utf-8'>
  <title>TestNG reports</title>

    <link type="text/css" href="testng-reports.css" rel="stylesheet" />
    <script type="text/javascript" src="jquery-1.7.1.min.js"></script>
    <script type="text/javascript" src="testng-reports.js"></script>
    <script type="text/javascript" src="https://www.google.com/jsapi"></script>
    <script type='text/javascript'>
      google.load('visualization', '1', {packages:['table']});
      google.setOnLoadCallback(drawTable);
      var suiteTableInitFunctions = new Array();
      var suiteTableData = new Array();
    </script>
    <!--
      <script type="text/javascript" src="jquery-ui/js/jquery-ui-1.8.16.custom.min.js"></script>
     -->
  </head>

  <body>
    <div class="top-banner-root">
      <span class="top-banner-title-font">Test results</span>
      <br/>
      <span class="top-banner-font-1">1 suite, 5 failed tests</span>
    </div> <!-- top-banner-root -->
    <div class="navigator-root">
      <div class="navigator-suite-header">
        <span>All suites</span>
        <a href="#" title="Collapse/expand all the suites" class="collapse-all-link">
          <img src="collapseall.gif" class="collapse-all-icon">
          </img> <!-- collapse-all-icon -->
        </a> <!-- collapse-all-link -->
      </div> <!-- navigator-suite-header -->
      <div class="suite">
        <div class="rounded-window">
          <div class="suite-header light-rounded-window-top">
            <a href="#" panel-name="suite-Surefire_suite" class="navigator-link">
              <span class="suite-name border-failed">Surefire suite</span>
            </a> <!-- navigator-link -->
          </div> <!-- suite-header light-rounded-window-top -->
          <div class="navigator-suite-content">
            <div class="suite-section-title">
              <span>Info</span>
            </div> <!-- suite-section-title -->
            <div class="suite-section-content">
              <ul>
                <li>
                  <a href="#" panel-name="test-xml-Surefire_suite" class="navigator-link ">
                    <span>[unset file name]</span>
                  </a> <!-- navigator-link  -->
                </li>
                <li>
                  <a href="#" panel-name="testlist-Surefire_suite" class="navigator-link ">
                    <span class="test-stats">1 test</span>
                  </a> <!-- navigator-link  -->
                </li>
                <li>
                  <a href="#" panel-name="group-Surefire_suite" class="navigator-link ">
                    <span>0 groups</span>
                  </a> <!-- navigator-link  -->
                </li>
                <li>
                  <a href="#" panel-name="times-Surefire_suite" class="navigator-link ">
                    <span>Times</span>
                  </a> <!-- navigator-link  -->
                </li>
                <li>
                  <a href="#" panel-name="reporter-Surefire_suite" class="navigator-link ">
                    <span>Reporter output</span>
                  </a> <!-- navigator-link  -->
                </li>
                <li>
                  <a href="#" panel-name="ignored-methods-Surefire_suite" class="navigator-link ">
                    <span>Ignored methods</span>
                  </a> <!-- navigator-link  -->
                </li>
                <li>
                  <a href="#" panel-name="chronological-Surefire_suite" class="navigator-link ">
                    <span>Chronological view</span>
                  </a> <!-- navigator-link  -->
                </li>
              </ul>
            </div> <!-- suite-section-content -->
            <div class="result-section">
              <div class="suite-section-title">
                <span>Results</span>
              </div> <!-- suite-section-title -->
              <div class="suite-section-content">
                <ul>
                  <li>
                    <span class="method-stats">15 methods, 5 failed,   10 passed</span>
                  </li>
                  <li>
                    <span class="method-list-title failed">Failed methods</span>
                    <span class="show-or-hide-methods failed">
                      <a href="#" panel-name="suite-Surefire_suite" class="hide-methods failed suite-Surefire_suite"> (hide)</a> <!-- hide-methods failed suite-Surefire_suite -->
                      <a href="#" panel-name="suite-Surefire_suite" class="show-methods failed suite-Surefire_suite"> (show)</a> <!-- show-methods failed suite-Surefire_suite -->
                    </span>
                    <div class="method-list-content failed suite-Surefire_suite">
                      <span>
                        <img src="failed.png" width="3%"/>
                        <a href="#" panel-name="suite-Surefire_suite" title="com.niveus.AddNewPatientTest" class="method navigator-link" hash-for-method="addNewPatientTest">addNewPatientTest</a> <!-- method navigator-link -->
                      </span>
                      <br/>
                      <span>
                        <img src="failed.png" width="3%"/>
                        <a href="#" panel-name="suite-Surefire_suite" title="com.niveus.CloseCodeTest" class="method navigator-link" hash-for-method="closeCodeValidationTest">closeCodeValidationTest</a> <!-- method navigator-link -->
                      </span>
                      <br/>
                      <span>
                        <img src="failed.png" width="3%"/>
                        <a href="#" panel-name="suite-Surefire_suite" title="com.niveus.FilterTest" class="method navigator-link" hash-for-method="filterValidationTest">filterValidationTest</a> <!-- method navigator-link -->
                      </span>
                      <br/>
                      <span>
                        <img src="failed.png" width="3%"/>
                        <a href="#" panel-name="suite-Surefire_suite" title="com.niveus.ResponderStatusTest" class="method navigator-link" hash-for-method="statusValidation">statusValidation</a> <!-- method navigator-link -->
                      </span>
                      <br/>
                      <span>
                        <img src="failed.png" width="3%"/>
                        <a href="#" panel-name="suite-Surefire_suite" title="com.niveus.UploadPhotosTest" class="method navigator-link" hash-for-method="uploadPhotoValidation">uploadPhotoValidation</a> <!-- method navigator-link -->
                      </span>
                      <br/>
                    </div> <!-- method-list-content failed suite-Surefire_suite -->
                  </li>
                  <li>
                    <span class="method-list-title passed">Passed methods</span>
                    <span class="show-or-hide-methods passed">
                      <a href="#" panel-name="suite-Surefire_suite" class="hide-methods passed suite-Surefire_suite"> (hide)</a> <!-- hide-methods passed suite-Surefire_suite -->
                      <a href="#" panel-name="suite-Surefire_suite" class="show-methods passed suite-Surefire_suite"> (show)</a> <!-- show-methods passed suite-Surefire_suite -->
                    </span>
                    <div class="method-list-content passed suite-Surefire_suite">
                      <span>
                        <img src="passed.png" width="3%"/>
                        <a href="#" panel-name="suite-Surefire_suite" title="com.niveus.AddSpecialityTest" class="method navigator-link" hash-for-method="addspecialityValidationTest">addspecialityValidationTest</a> <!-- method navigator-link -->
                      </span>
                      <br/>
                      <span>
                        <img src="passed.png" width="3%"/>
                        <a href="#" panel-name="suite-Surefire_suite" title="com.niveus.AssigningDoctorTest" class="method navigator-link" hash-for-method="assigningDoctorTest">assigningDoctorTest</a> <!-- method navigator-link -->
                      </span>
                      <br/>
                      <span>
                        <img src="passed.png" width="3%"/>
                        <a href="#" panel-name="suite-Surefire_suite" title="com.niveus.ChatMemberTest" class="method navigator-link" hash-for-method="chatMemeberValidation">chatMemeberValidation</a> <!-- method navigator-link -->
                      </span>
                      <br/>
                      <span>
                        <img src="passed.png" width="3%"/>
                        <a href="#" panel-name="suite-Surefire_suite" title="com.niveus.LoginTest" class="method navigator-link" hash-for-method="loginPageTest">loginPageTest</a> <!-- method navigator-link -->
                      </span>
                      <br/>
                      <span>
                        <img src="passed.png" width="3%"/>
                        <a href="#" panel-name="suite-Surefire_suite" title="com.niveus.MediaFileTest" class="method navigator-link" hash-for-method="mediaFileValidation">mediaFileValidation</a> <!-- method navigator-link -->
                      </span>
                      <br/>
                      <span>
                        <img src="passed.png" width="3%"/>
                        <a href="#" panel-name="suite-Surefire_suite" title="com.niveus.ParticipantTest" class="method navigator-link" hash-for-method="participantValidationTest">participantValidationTest</a> <!-- method navigator-link -->
                      </span>
                      <br/>
                      <span>
                        <img src="passed.png" width="3%"/>
                        <a href="#" panel-name="suite-Surefire_suite" title="com.niveus.PatientInfoTest" class="method navigator-link" hash-for-method="patientInfoValidationTest">patientInfoValidationTest</a> <!-- method navigator-link -->
                      </span>
                      <br/>
                      <span>
                        <img src="passed.png" width="3%"/>
                        <a href="#" panel-name="suite-Surefire_suite" title="com.niveus.SearchValidationTest" class="method navigator-link" hash-for-method="patientSearchTest">patientSearchTest</a> <!-- method navigator-link -->
                      </span>
                      <br/>
                      <span>
                        <img src="passed.png" width="3%"/>
                        <a href="#" panel-name="suite-Surefire_suite" title="com.niveus.ProfileUpadateTest" class="method navigator-link" hash-for-method="updateProfileInformation">updateProfileInformation</a> <!-- method navigator-link -->
                      </span>
                      <br/>
                      <span>
                        <img src="passed.png" width="3%"/>
                        <a href="#" panel-name="suite-Surefire_suite" title="com.niveus.UploadDocumentTest" class="method navigator-link" hash-for-method="uploadDocumentValidation">uploadDocumentValidation</a> <!-- method navigator-link -->
                      </span>
                      <br/>
                    </div> <!-- method-list-content passed suite-Surefire_suite -->
                  </li>
                </ul>
              </div> <!-- suite-section-content -->
            </div> <!-- result-section -->
          </div> <!-- navigator-suite-content -->
        </div> <!-- rounded-window -->
      </div> <!-- suite -->
    </div> <!-- navigator-root -->
    <div class="wrapper">
      <div class="main-panel-root">
        <div panel-name="suite-Surefire_suite" class="panel Surefire_suite">
          <div class="suite-Surefire_suite-class-failed">
            <div class="main-panel-header rounded-window-top">
              <img src="failed.png"/>
              <span class="class-name">com.niveus.UploadPhotosTest</span>
            </div> <!-- main-panel-header rounded-window-top -->
            <div class="main-panel-content rounded-window-bottom">
              <div class="method">
                <div class="method-content">
                  <a name="uploadPhotoValidation">
                  </a> <!-- uploadPhotoValidation -->
                  <span class="method-name">uploadPhotoValidation</span>
                  <div class="stack-trace">org.openqa.selenium.NoSuchElementException: no such element: Unable to locate element: {&quot;method&quot;:&quot;xpath&quot;,&quot;selector&quot;:&quot;//button[@type=&apos;submit&apos;]&quot;}
  (Session info: headless chrome=85.0.4183.121)
For documentation on this error, please visit: https://www.seleniumhq.org/exceptions/no_such_element.html
Build info: version: &apos;3.141.59&apos;, revision: &apos;e82be7d358&apos;, time: &apos;2018-11-14T08:17:03&apos;
System info: host: &apos;niveus-HP-EliteBook-820-G3&apos;, ip: &apos;127.0.1.1&apos;, os.name: &apos;Linux&apos;, os.arch: &apos;amd64&apos;, os.version: &apos;5.4.0-52-generic&apos;, java.version: &apos;11.0.8&apos;
Driver info: org.openqa.selenium.chrome.ChromeDriver
Capabilities {acceptInsecureCerts: true, browserName: chrome, browserVersion: 85.0.4183.121, chrome: {chromedriverVersion: 84.0.4147.30 (48b3e868b4cc0..., userDataDir: /tmp/.com.google.Chrome.bszOgu}, goog:chromeOptions: {debuggerAddress: localhost:43551}, javascriptEnabled: true, networkConnectionEnabled: false, pageLoadStrategy: normal, platform: LINUX, platformName: LINUX, proxy: Proxy(), setWindowRect: true, strictFileInteractability: false, timeouts: {implicit: 0, pageLoad: 300000, script: 30000}, unhandledPromptBehavior: dismiss and notify, webauthn:virtualAuthenticators: true}
Session ID: 1a5df1d823b89285a1928a9868b6fb80
*** Element info: {Using=xpath, value=//button[@type=&apos;submit&apos;]}
	at org.openqa.selenium.remote.http.W3CHttpResponseCodec.createException(W3CHttpResponseCodec.java:187)
	at org.openqa.selenium.remote.http.W3CHttpResponseCodec.decode(W3CHttpResponseCodec.java:122)
	at org.openqa.selenium.remote.http.W3CHttpResponseCodec.decode(W3CHttpResponseCodec.java:49)
	at org.openqa.selenium.remote.HttpCommandExecutor.execute(HttpCommandExecutor.java:158)
	at org.openqa.selenium.remote.service.DriverCommandExecutor.execute(DriverCommandExecutor.java:83)
	at org.openqa.selenium.remote.RemoteWebDriver.execute(RemoteWebDriver.java:552)
	at org.openqa.selenium.remote.RemoteWebDriver.findElement(RemoteWebDriver.java:323)
	at org.openqa.selenium.remote.RemoteWebDriver.findElementByXPath(RemoteWebDriver.java:428)
	at org.openqa.selenium.By$ByXPath.findElement(By.java:353)
	at org.openqa.selenium.remote.RemoteWebDriver.findElement(RemoteWebDriver.java:315)
	at org.openqa.selenium.support.pagefactory.DefaultElementLocator.findElement(DefaultElementLocator.java:69)
	at org.openqa.selenium.support.pagefactory.internal.LocatingElementHandler.invoke(LocatingElementHandler.java:38)
	at com.sun.proxy.$Proxy11.getText(Unknown Source)
	at com.niveus.UploadPhotosTest.uploadPhotoValidation(UploadPhotosTest.java:42)
	at java.base/java.util.ArrayList.forEach(ArrayList.java:1541)
... Removed 35 stack frames
</div> <!-- stack-trace -->
                </div> <!-- method-content -->
              </div> <!-- method -->
            </div> <!-- main-panel-content rounded-window-bottom -->
          </div> <!-- suite-Surefire_suite-class-failed -->
          <div class="suite-Surefire_suite-class-failed">
            <div class="main-panel-header rounded-window-top">
              <img src="failed.png"/>
              <span class="class-name">com.niveus.CloseCodeTest</span>
            </div> <!-- main-panel-header rounded-window-top -->
            <div class="main-panel-content rounded-window-bottom">
              <div class="method">
                <div class="method-content">
                  <a name="closeCodeValidationTest">
                  </a> <!-- closeCodeValidationTest -->
                  <span class="method-name">closeCodeValidationTest</span>
                  <div class="stack-trace">org.openqa.selenium.NoSuchElementException: no such element: Unable to locate element: {&quot;method&quot;:&quot;xpath&quot;,&quot;selector&quot;:&quot;//button[@type=&apos;submit&apos;]&quot;}
  (Session info: headless chrome=85.0.4183.121)
For documentation on this error, please visit: https://www.seleniumhq.org/exceptions/no_such_element.html
Build info: version: &apos;3.141.59&apos;, revision: &apos;e82be7d358&apos;, time: &apos;2018-11-14T08:17:03&apos;
System info: host: &apos;niveus-HP-EliteBook-820-G3&apos;, ip: &apos;127.0.1.1&apos;, os.name: &apos;Linux&apos;, os.arch: &apos;amd64&apos;, os.version: &apos;5.4.0-52-generic&apos;, java.version: &apos;11.0.8&apos;
Driver info: org.openqa.selenium.chrome.ChromeDriver
Capabilities {acceptInsecureCerts: true, browserName: chrome, browserVersion: 85.0.4183.121, chrome: {chromedriverVersion: 84.0.4147.30 (48b3e868b4cc0..., userDataDir: /tmp/.com.google.Chrome.etKVIg}, goog:chromeOptions: {debuggerAddress: localhost:36149}, javascriptEnabled: true, networkConnectionEnabled: false, pageLoadStrategy: normal, platform: LINUX, platformName: LINUX, proxy: Proxy(), setWindowRect: true, strictFileInteractability: false, timeouts: {implicit: 0, pageLoad: 300000, script: 30000}, unhandledPromptBehavior: dismiss and notify, webauthn:virtualAuthenticators: true}
Session ID: 5110afdc47a1bd363f21e3eaa6a941af
*** Element info: {Using=xpath, value=//button[@type=&apos;submit&apos;]}
	at org.openqa.selenium.remote.http.W3CHttpResponseCodec.createException(W3CHttpResponseCodec.java:187)
	at org.openqa.selenium.remote.http.W3CHttpResponseCodec.decode(W3CHttpResponseCodec.java:122)
	at org.openqa.selenium.remote.http.W3CHttpResponseCodec.decode(W3CHttpResponseCodec.java:49)
	at org.openqa.selenium.remote.HttpCommandExecutor.execute(HttpCommandExecutor.java:158)
	at org.openqa.selenium.remote.service.DriverCommandExecutor.execute(DriverCommandExecutor.java:83)
	at org.openqa.selenium.remote.RemoteWebDriver.execute(RemoteWebDriver.java:552)
	at org.openqa.selenium.remote.RemoteWebDriver.findElement(RemoteWebDriver.java:323)
	at org.openqa.selenium.remote.RemoteWebDriver.findElementByXPath(RemoteWebDriver.java:428)
	at org.openqa.selenium.By$ByXPath.findElement(By.java:353)
	at org.openqa.selenium.remote.RemoteWebDriver.findElement(RemoteWebDriver.java:315)
	at org.openqa.selenium.support.pagefactory.DefaultElementLocator.findElement(DefaultElementLocator.java:69)
	at org.openqa.selenium.support.pagefactory.internal.LocatingElementHandler.invoke(LocatingElementHandler.java:38)
	at com.sun.proxy.$Proxy11.getText(Unknown Source)
	at com.niveus.CloseCodeTest.closeCodeValidationTest(CloseCodeTest.java:49)
	at java.base/java.util.ArrayList.forEach(ArrayList.java:1541)
... Removed 35 stack frames
</div> <!-- stack-trace -->
                </div> <!-- method-content -->
              </div> <!-- method -->
            </div> <!-- main-panel-content rounded-window-bottom -->
          </div> <!-- suite-Surefire_suite-class-failed -->
          <div class="suite-Surefire_suite-class-failed">
            <div class="main-panel-header rounded-window-top">
              <img src="failed.png"/>
              <span class="class-name">com.niveus.ResponderStatusTest</span>
            </div> <!-- main-panel-header rounded-window-top -->
            <div class="main-panel-content rounded-window-bottom">
              <div class="method">
                <div class="method-content">
                  <a name="statusValidation">
                  </a> <!-- statusValidation -->
                  <span class="method-name">statusValidation</span>
                  <div class="stack-trace">org.openqa.selenium.TimeoutException: Expected condition failed: waiting for visibility of Proxy element for: DefaultElementLocator &apos;By.xpath: //span[contains(text(),&apos;User status is changed to&apos;)]&apos; (tried for 100 second(s) with 500 milliseconds interval)
	at org.openqa.selenium.support.ui.WebDriverWait.timeoutException(WebDriverWait.java:95)
	at org.openqa.selenium.support.ui.FluentWait.until(FluentWait.java:272)
	at com.niveus.ResponderStatusTest.statusValidation(ResponderStatusTest.java:99)
	at java.base/java.util.ArrayList.forEach(ArrayList.java:1541)
Caused by: org.openqa.selenium.NoSuchElementException: no such element: Unable to locate element: {&quot;method&quot;:&quot;xpath&quot;,&quot;selector&quot;:&quot;//span[contains(text(),&apos;User status is changed to&apos;)]&quot;}
  (Session info: headless chrome=85.0.4183.121)
For documentation on this error, please visit: https://www.seleniumhq.org/exceptions/no_such_element.html
Build info: version: &apos;3.141.59&apos;, revision: &apos;e82be7d358&apos;, time: &apos;2018-11-14T08:17:03&apos;
System info: host: &apos;niveus-HP-EliteBook-820-G3&apos;, ip: &apos;127.0.1.1&apos;, os.name: &apos;Linux&apos;, os.arch: &apos;amd64&apos;, os.version: &apos;5.4.0-52-generic&apos;, java.version: &apos;11.0.8&apos;
Driver info: org.openqa.selenium.chrome.ChromeDriver
Capabilities {acceptInsecureCerts: true, browserName: chrome, browserVersion: 85.0.4183.121, chrome: {chromedriverVersion: 84.0.4147.30 (48b3e868b4cc0..., userDataDir: /tmp/.com.google.Chrome.r8NOJS}, goog:chromeOptions: {debuggerAddress: localhost:46309}, javascriptEnabled: true, networkConnectionEnabled: false, pageLoadStrategy: normal, platform: LINUX, platformName: LINUX, proxy: Proxy(), setWindowRect: true, strictFileInteractability: false, timeouts: {implicit: 0, pageLoad: 300000, script: 30000}, unhandledPromptBehavior: dismiss and notify, webauthn:virtualAuthenticators: true}
Session ID: 869296979c9b751bb2d61f881ab669bd
*** Element info: {Using=xpath, value=//span[contains(text(),&apos;User status is changed to&apos;)]}
	at org.openqa.selenium.remote.http.W3CHttpResponseCodec.createException(W3CHttpResponseCodec.java:187)
	at org.openqa.selenium.remote.http.W3CHttpResponseCodec.decode(W3CHttpResponseCodec.java:122)
	at org.openqa.selenium.remote.http.W3CHttpResponseCodec.decode(W3CHttpResponseCodec.java:49)
	at org.openqa.selenium.remote.HttpCommandExecutor.execute(HttpCommandExecutor.java:158)
	at org.openqa.selenium.remote.service.DriverCommandExecutor.execute(DriverCommandExecutor.java:83)
	at org.openqa.selenium.remote.RemoteWebDriver.execute(RemoteWebDriver.java:552)
	at org.openqa.selenium.remote.RemoteWebDriver.findElement(RemoteWebDriver.java:323)
	at org.openqa.selenium.remote.RemoteWebDriver.findElementByXPath(RemoteWebDriver.java:428)
	at org.openqa.selenium.By$ByXPath.findElement(By.java:353)
	at org.openqa.selenium.remote.RemoteWebDriver.findElement(RemoteWebDriver.java:315)
	at org.openqa.selenium.support.pagefactory.DefaultElementLocator.findElement(DefaultElementLocator.java:69)
	at org.openqa.selenium.support.pagefactory.internal.LocatingElementHandler.invoke(LocatingElementHandler.java:38)
	at com.sun.proxy.$Proxy11.isDisplayed(Unknown Source)
	at org.openqa.selenium.support.ui.ExpectedConditions.elementIfVisible(ExpectedConditions.java:314)
	at org.openqa.selenium.support.ui.ExpectedConditions.access$000(ExpectedConditions.java:43)
	at org.openqa.selenium.support.ui.ExpectedConditions$10.apply(ExpectedConditions.java:300)
	at org.openqa.selenium.support.ui.ExpectedConditions$10.apply(ExpectedConditions.java:297)
	at org.openqa.selenium.support.ui.FluentWait.until(FluentWait.java:249)
	... 34 more
... Removed 35 stack frames
</div> <!-- stack-trace -->
                </div> <!-- method-content -->
              </div> <!-- method -->
            </div> <!-- main-panel-content rounded-window-bottom -->
          </div> <!-- suite-Surefire_suite-class-failed -->
          <div class="suite-Surefire_suite-class-failed">
            <div class="main-panel-header rounded-window-top">
              <img src="failed.png"/>
              <span class="class-name">com.niveus.AddNewPatientTest</span>
            </div> <!-- main-panel-header rounded-window-top -->
            <div class="main-panel-content rounded-window-bottom">
              <div class="method">
                <div class="method-content">
                  <a name="addNewPatientTest">
                  </a> <!-- addNewPatientTest -->
                  <span class="method-name">addNewPatientTest</span>
                  <div class="stack-trace">org.openqa.selenium.TimeoutException: Expected condition failed: waiting for element to be clickable: Proxy element for: DefaultElementLocator &apos;By.xpath: //span[text()=&apos; NEW&apos;]/..&apos; (tried for 50 second(s) with 500 milliseconds interval)
	at org.openqa.selenium.support.ui.WebDriverWait.timeoutException(WebDriverWait.java:95)
	at org.openqa.selenium.support.ui.FluentWait.until(FluentWait.java:272)
	at com.niveus.AddNewPatientTest.addNewPatientTest(AddNewPatientTest.java:69)
	at java.base/java.util.ArrayList.forEach(ArrayList.java:1541)
Caused by: org.openqa.selenium.NoSuchElementException: no such element: Unable to locate element: {&quot;method&quot;:&quot;xpath&quot;,&quot;selector&quot;:&quot;//span[text()=&apos; NEW&apos;]/..&quot;}
  (Session info: headless chrome=85.0.4183.121)
For documentation on this error, please visit: https://www.seleniumhq.org/exceptions/no_such_element.html
Build info: version: &apos;3.141.59&apos;, revision: &apos;e82be7d358&apos;, time: &apos;2018-11-14T08:17:03&apos;
System info: host: &apos;niveus-HP-EliteBook-820-G3&apos;, ip: &apos;127.0.1.1&apos;, os.name: &apos;Linux&apos;, os.arch: &apos;amd64&apos;, os.version: &apos;5.4.0-52-generic&apos;, java.version: &apos;11.0.8&apos;
Driver info: org.openqa.selenium.chrome.ChromeDriver
Capabilities {acceptInsecureCerts: true, browserName: chrome, browserVersion: 85.0.4183.121, chrome: {chromedriverVersion: 84.0.4147.30 (48b3e868b4cc0..., userDataDir: /tmp/.com.google.Chrome.8J1NJi}, goog:chromeOptions: {debuggerAddress: localhost:38855}, javascriptEnabled: true, networkConnectionEnabled: false, pageLoadStrategy: normal, platform: LINUX, platformName: LINUX, proxy: Proxy(), setWindowRect: true, strictFileInteractability: false, timeouts: {implicit: 0, pageLoad: 300000, script: 30000}, unhandledPromptBehavior: dismiss and notify, webauthn:virtualAuthenticators: true}
Session ID: 2449d8ac12b7bb764c93b5f09a797e35
*** Element info: {Using=xpath, value=//span[text()=&apos; NEW&apos;]/..}
	at org.openqa.selenium.remote.http.W3CHttpResponseCodec.createException(W3CHttpResponseCodec.java:187)
	at org.openqa.selenium.remote.http.W3CHttpResponseCodec.decode(W3CHttpResponseCodec.java:122)
	at org.openqa.selenium.remote.http.W3CHttpResponseCodec.decode(W3CHttpResponseCodec.java:49)
	at org.openqa.selenium.remote.HttpCommandExecutor.execute(HttpCommandExecutor.java:158)
	at org.openqa.selenium.remote.service.DriverCommandExecutor.execute(DriverCommandExecutor.java:83)
	at org.openqa.selenium.remote.RemoteWebDriver.execute(RemoteWebDriver.java:552)
	at org.openqa.selenium.remote.RemoteWebDriver.findElement(RemoteWebDriver.java:323)
	at org.openqa.selenium.remote.RemoteWebDriver.findElementByXPath(RemoteWebDriver.java:428)
	at org.openqa.selenium.By$ByXPath.findElement(By.java:353)
	at org.openqa.selenium.remote.RemoteWebDriver.findElement(RemoteWebDriver.java:315)
	at org.openqa.selenium.support.pagefactory.DefaultElementLocator.findElement(DefaultElementLocator.java:69)
	at org.openqa.selenium.support.pagefactory.internal.LocatingElementHandler.invoke(LocatingElementHandler.java:38)
	at com.sun.proxy.$Proxy11.isDisplayed(Unknown Source)
	at org.openqa.selenium.support.ui.ExpectedConditions.elementIfVisible(ExpectedConditions.java:314)
	at org.openqa.selenium.support.ui.ExpectedConditions.access$000(ExpectedConditions.java:43)
	at org.openqa.selenium.support.ui.ExpectedConditions$10.apply(ExpectedConditions.java:300)
	at org.openqa.selenium.support.ui.ExpectedConditions$10.apply(ExpectedConditions.java:297)
	at org.openqa.selenium.support.ui.ExpectedConditions$23.apply(ExpectedConditions.java:670)
	at org.openqa.selenium.support.ui.ExpectedConditions$23.apply(ExpectedConditions.java:666)
	at org.openqa.selenium.support.ui.FluentWait.until(FluentWait.java:249)
	... 34 more
... Removed 35 stack frames
</div> <!-- stack-trace -->
                </div> <!-- method-content -->
              </div> <!-- method -->
            </div> <!-- main-panel-content rounded-window-bottom -->
          </div> <!-- suite-Surefire_suite-class-failed -->
          <div class="suite-Surefire_suite-class-failed">
            <div class="main-panel-header rounded-window-top">
              <img src="failed.png"/>
              <span class="class-name">com.niveus.FilterTest</span>
            </div> <!-- main-panel-header rounded-window-top -->
            <div class="main-panel-content rounded-window-bottom">
              <div class="method">
                <div class="method-content">
                  <a name="filterValidationTest">
                  </a> <!-- filterValidationTest -->
                  <span class="method-name">filterValidationTest</span>
                  <div class="stack-trace">org.openqa.selenium.NoSuchElementException: no such element: Unable to locate element: {&quot;method&quot;:&quot;xpath&quot;,&quot;selector&quot;:&quot;//span[@aria-label=&apos;filter&apos;]&quot;}
  (Session info: headless chrome=85.0.4183.121)
For documentation on this error, please visit: https://www.seleniumhq.org/exceptions/no_such_element.html
Build info: version: &apos;3.141.59&apos;, revision: &apos;e82be7d358&apos;, time: &apos;2018-11-14T08:17:03&apos;
System info: host: &apos;niveus-HP-EliteBook-820-G3&apos;, ip: &apos;127.0.1.1&apos;, os.name: &apos;Linux&apos;, os.arch: &apos;amd64&apos;, os.version: &apos;5.4.0-52-generic&apos;, java.version: &apos;11.0.8&apos;
Driver info: org.openqa.selenium.chrome.ChromeDriver
Capabilities {acceptInsecureCerts: true, browserName: chrome, browserVersion: 85.0.4183.121, chrome: {chromedriverVersion: 84.0.4147.30 (48b3e868b4cc0..., userDataDir: /tmp/.com.google.Chrome.dSOJwM}, goog:chromeOptions: {debuggerAddress: localhost:45449}, javascriptEnabled: true, networkConnectionEnabled: false, pageLoadStrategy: normal, platform: LINUX, platformName: LINUX, proxy: Proxy(), setWindowRect: true, strictFileInteractability: false, timeouts: {implicit: 0, pageLoad: 300000, script: 30000}, unhandledPromptBehavior: dismiss and notify, webauthn:virtualAuthenticators: true}
Session ID: d7851a2c5dbabc42922f32545cc5040d
*** Element info: {Using=xpath, value=//span[@aria-label=&apos;filter&apos;]}
	at org.openqa.selenium.remote.http.W3CHttpResponseCodec.createException(W3CHttpResponseCodec.java:187)
	at org.openqa.selenium.remote.http.W3CHttpResponseCodec.decode(W3CHttpResponseCodec.java:122)
	at org.openqa.selenium.remote.http.W3CHttpResponseCodec.decode(W3CHttpResponseCodec.java:49)
	at org.openqa.selenium.remote.HttpCommandExecutor.execute(HttpCommandExecutor.java:158)
	at org.openqa.selenium.remote.service.DriverCommandExecutor.execute(DriverCommandExecutor.java:83)
	at org.openqa.selenium.remote.RemoteWebDriver.execute(RemoteWebDriver.java:552)
	at org.openqa.selenium.remote.RemoteWebDriver.findElement(RemoteWebDriver.java:323)
	at org.openqa.selenium.remote.RemoteWebDriver.findElementByXPath(RemoteWebDriver.java:428)
	at org.openqa.selenium.By$ByXPath.findElement(By.java:353)
	at org.openqa.selenium.remote.RemoteWebDriver.findElement(RemoteWebDriver.java:315)
	at org.openqa.selenium.support.pagefactory.DefaultElementLocator.findElement(DefaultElementLocator.java:69)
	at org.openqa.selenium.support.pagefactory.internal.LocatingElementHandler.invoke(LocatingElementHandler.java:38)
	at com.sun.proxy.$Proxy11.click(Unknown Source)
	at com.niveus.FilterTest.filterValidationTest(FilterTest.java:128)
	at java.base/java.util.ArrayList.forEach(ArrayList.java:1541)
... Removed 35 stack frames
</div> <!-- stack-trace -->
                </div> <!-- method-content -->
              </div> <!-- method -->
            </div> <!-- main-panel-content rounded-window-bottom -->
          </div> <!-- suite-Surefire_suite-class-failed -->
          <div class="suite-Surefire_suite-class-passed">
            <div class="main-panel-header rounded-window-top">
              <img src="passed.png"/>
              <span class="class-name">com.niveus.AssigningDoctorTest</span>
            </div> <!-- main-panel-header rounded-window-top -->
            <div class="main-panel-content rounded-window-bottom">
              <div class="method">
                <div class="method-content">
                  <a name="assigningDoctorTest">
                  </a> <!-- assigningDoctorTest -->
                  <span class="method-name">assigningDoctorTest</span>
                </div> <!-- method-content -->
              </div> <!-- method -->
            </div> <!-- main-panel-content rounded-window-bottom -->
          </div> <!-- suite-Surefire_suite-class-passed -->
          <div class="suite-Surefire_suite-class-passed">
            <div class="main-panel-header rounded-window-top">
              <img src="passed.png"/>
              <span class="class-name">com.niveus.ParticipantTest</span>
            </div> <!-- main-panel-header rounded-window-top -->
            <div class="main-panel-content rounded-window-bottom">
              <div class="method">
                <div class="method-content">
                  <a name="participantValidationTest">
                  </a> <!-- participantValidationTest -->
                  <span class="method-name">participantValidationTest</span>
                </div> <!-- method-content -->
              </div> <!-- method -->
            </div> <!-- main-panel-content rounded-window-bottom -->
          </div> <!-- suite-Surefire_suite-class-passed -->
          <div class="suite-Surefire_suite-class-passed">
            <div class="main-panel-header rounded-window-top">
              <img src="passed.png"/>
              <span class="class-name">com.niveus.MediaFileTest</span>
            </div> <!-- main-panel-header rounded-window-top -->
            <div class="main-panel-content rounded-window-bottom">
              <div class="method">
                <div class="method-content">
                  <a name="mediaFileValidation">
                  </a> <!-- mediaFileValidation -->
                  <span class="method-name">mediaFileValidation</span>
                </div> <!-- method-content -->
              </div> <!-- method -->
            </div> <!-- main-panel-content rounded-window-bottom -->
          </div> <!-- suite-Surefire_suite-class-passed -->
          <div class="suite-Surefire_suite-class-passed">
            <div class="main-panel-header rounded-window-top">
              <img src="passed.png"/>
              <span class="class-name">com.niveus.LoginTest</span>
            </div> <!-- main-panel-header rounded-window-top -->
            <div class="main-panel-content rounded-window-bottom">
              <div class="method">
                <div class="method-content">
                  <a name="loginPageTest">
                  </a> <!-- loginPageTest -->
                  <span class="method-name">loginPageTest</span>
                </div> <!-- method-content -->
              </div> <!-- method -->
            </div> <!-- main-panel-content rounded-window-bottom -->
          </div> <!-- suite-Surefire_suite-class-passed -->
          <div class="suite-Surefire_suite-class-passed">
            <div class="main-panel-header rounded-window-top">
              <img src="passed.png"/>
              <span class="class-name">com.niveus.SearchValidationTest</span>
            </div> <!-- main-panel-header rounded-window-top -->
            <div class="main-panel-content rounded-window-bottom">
              <div class="method">
                <div class="method-content">
                  <a name="patientSearchTest">
                  </a> <!-- patientSearchTest -->
                  <span class="method-name">patientSearchTest</span>
                </div> <!-- method-content -->
              </div> <!-- method -->
            </div> <!-- main-panel-content rounded-window-bottom -->
          </div> <!-- suite-Surefire_suite-class-passed -->
          <div class="suite-Surefire_suite-class-passed">
            <div class="main-panel-header rounded-window-top">
              <img src="passed.png"/>
              <span class="class-name">com.niveus.UploadDocumentTest</span>
            </div> <!-- main-panel-header rounded-window-top -->
            <div class="main-panel-content rounded-window-bottom">
              <div class="method">
                <div class="method-content">
                  <a name="uploadDocumentValidation">
                  </a> <!-- uploadDocumentValidation -->
                  <span class="method-name">uploadDocumentValidation</span>
                </div> <!-- method-content -->
              </div> <!-- method -->
            </div> <!-- main-panel-content rounded-window-bottom -->
          </div> <!-- suite-Surefire_suite-class-passed -->
          <div class="suite-Surefire_suite-class-passed">
            <div class="main-panel-header rounded-window-top">
              <img src="passed.png"/>
              <span class="class-name">com.niveus.ChatMemberTest</span>
            </div> <!-- main-panel-header rounded-window-top -->
            <div class="main-panel-content rounded-window-bottom">
              <div class="method">
                <div class="method-content">
                  <a name="chatMemeberValidation">
                  </a> <!-- chatMemeberValidation -->
                  <span class="method-name">chatMemeberValidation</span>
                </div> <!-- method-content -->
              </div> <!-- method -->
            </div> <!-- main-panel-content rounded-window-bottom -->
          </div> <!-- suite-Surefire_suite-class-passed -->
          <div class="suite-Surefire_suite-class-passed">
            <div class="main-panel-header rounded-window-top">
              <img src="passed.png"/>
              <span class="class-name">com.niveus.ProfileUpadateTest</span>
            </div> <!-- main-panel-header rounded-window-top -->
            <div class="main-panel-content rounded-window-bottom">
              <div class="method">
                <div class="method-content">
                  <a name="updateProfileInformation">
                  </a> <!-- updateProfileInformation -->
                  <span class="method-name">updateProfileInformation</span>
                </div> <!-- method-content -->
              </div> <!-- method -->
            </div> <!-- main-panel-content rounded-window-bottom -->
          </div> <!-- suite-Surefire_suite-class-passed -->
          <div class="suite-Surefire_suite-class-passed">
            <div class="main-panel-header rounded-window-top">
              <img src="passed.png"/>
              <span class="class-name">com.niveus.AddSpecialityTest</span>
            </div> <!-- main-panel-header rounded-window-top -->
            <div class="main-panel-content rounded-window-bottom">
              <div class="method">
                <div class="method-content">
                  <a name="addspecialityValidationTest">
                  </a> <!-- addspecialityValidationTest -->
                  <span class="method-name">addspecialityValidationTest</span>
                </div> <!-- method-content -->
              </div> <!-- method -->
            </div> <!-- main-panel-content rounded-window-bottom -->
          </div> <!-- suite-Surefire_suite-class-passed -->
          <div class="suite-Surefire_suite-class-passed">
            <div class="main-panel-header rounded-window-top">
              <img src="passed.png"/>
              <span class="class-name">com.niveus.PatientInfoTest</span>
            </div> <!-- main-panel-header rounded-window-top -->
            <div class="main-panel-content rounded-window-bottom">
              <div class="method">
                <div class="method-content">
                  <a name="patientInfoValidationTest">
                  </a> <!-- patientInfoValidationTest -->
                  <span class="method-name">patientInfoValidationTest</span>
                </div> <!-- method-content -->
              </div> <!-- method -->
            </div> <!-- main-panel-content rounded-window-bottom -->
          </div> <!-- suite-Surefire_suite-class-passed -->
        </div> <!-- panel Surefire_suite -->
        <div panel-name="test-xml-Surefire_suite" class="panel">
          <div class="main-panel-header rounded-window-top">
          </div> <!-- main-panel-header rounded-window-top -->
          <div class="main-panel-content rounded-window-bottom">
            <pre>
&lt;?xml version=&quot;1.0&quot; encoding=&quot;UTF-8&quot;?&gt;
&lt;!DOCTYPE suite SYSTEM &quot;https://testng.org/testng-1.0.dtd&quot;&gt;
&lt;suite thread-count=&quot;1&quot; name=&quot;Surefire suite&quot; verbose=&quot;0&quot;&gt;
  &lt;test thread-count=&quot;1&quot; name=&quot;Surefire test&quot; verbose=&quot;0&quot;&gt;
    &lt;classes&gt;
      &lt;class name=&quot;com.niveus.AssigningDoctorTest&quot;/&gt;
      &lt;class name=&quot;com.niveus.SearchValidationTest&quot;/&gt;
      &lt;class name=&quot;com.niveus.UploadDocumentTest&quot;/&gt;
      &lt;class name=&quot;com.niveus.ParticipantTest&quot;/&gt;
      &lt;class name=&quot;com.niveus.AddSpecialityTest&quot;/&gt;
      &lt;class name=&quot;com.niveus.PatientInfoTest&quot;/&gt;
      &lt;class name=&quot;com.niveus.ResponderStatusTest&quot;/&gt;
      &lt;class name=&quot;com.niveus.ProfileUpadateTest&quot;/&gt;
      &lt;class name=&quot;com.niveus.MediaFileTest&quot;/&gt;
      &lt;class name=&quot;com.niveus.FilterTest&quot;/&gt;
      &lt;class name=&quot;com.niveus.LoginTest&quot;/&gt;
      &lt;class name=&quot;com.niveus.ChatMemberTest&quot;/&gt;
      &lt;class name=&quot;com.niveus.AddNewPatientTest&quot;/&gt;
      &lt;class name=&quot;com.niveus.UploadPhotosTest&quot;/&gt;
      &lt;class name=&quot;com.niveus.CloseCodeTest&quot;/&gt;
    &lt;/classes&gt;
  &lt;/test&gt; &lt;!-- Surefire test --&gt;
&lt;/suite&gt; &lt;!-- Surefire suite --&gt;
            </pre>
          </div> <!-- main-panel-content rounded-window-bottom -->
        </div> <!-- panel -->
        <div panel-name="testlist-Surefire_suite" class="panel">
          <div class="main-panel-header rounded-window-top">
            <span class="header-content">Tests for Surefire suite</span>
          </div> <!-- main-panel-header rounded-window-top -->
          <div class="main-panel-content rounded-window-bottom">
            <ul>
              <li>
                <span class="test-name">Surefire test (15 classes)</span>
              </li>
            </ul>
          </div> <!-- main-panel-content rounded-window-bottom -->
        </div> <!-- panel -->
        <div panel-name="group-Surefire_suite" class="panel">
          <div class="main-panel-header rounded-window-top">
            <span class="header-content">Groups for Surefire suite</span>
          </div> <!-- main-panel-header rounded-window-top -->
          <div class="main-panel-content rounded-window-bottom">
          </div> <!-- main-panel-content rounded-window-bottom -->
        </div> <!-- panel -->
        <div panel-name="times-Surefire_suite" class="panel">
          <div class="main-panel-header rounded-window-top">
            <span class="header-content">Times for Surefire suite</span>
          </div> <!-- main-panel-header rounded-window-top -->
          <div class="main-panel-content rounded-window-bottom">
            <div class="times-div">
              <script type="text/javascript">
suiteTableInitFunctions.push('tableData_Surefire_suite');
function tableData_Surefire_suite() {
var data = new google.visualization.DataTable();
data.addColumn('number', 'Number');
data.addColumn('string', 'Method');
data.addColumn('string', 'Class');
data.addColumn('number', 'Time (ms)');
data.addRows(15);
data.setCell(0, 0, 0)
data.setCell(0, 1, 'statusValidation')
data.setCell(0, 2, 'com.niveus.ResponderStatusTest')
data.setCell(0, 3, 132275);
data.setCell(1, 0, 1)
data.setCell(1, 1, 'patientSearchTest')
data.setCell(1, 2, 'com.niveus.SearchValidationTest')
data.setCell(1, 3, 89410);
data.setCell(2, 0, 2)
data.setCell(2, 1, 'addNewPatientTest')
data.setCell(2, 2, 'com.niveus.AddNewPatientTest')
data.setCell(2, 3, 72346);
data.setCell(3, 0, 3)
data.setCell(3, 1, 'mediaFileValidation')
data.setCell(3, 2, 'com.niveus.MediaFileTest')
data.setCell(3, 3, 40966);
data.setCell(4, 0, 4)
data.setCell(4, 1, 'participantValidationTest')
data.setCell(4, 2, 'com.niveus.ParticipantTest')
data.setCell(4, 3, 34175);
data.setCell(5, 0, 5)
data.setCell(5, 1, 'filterValidationTest')
data.setCell(5, 2, 'com.niveus.FilterTest')
data.setCell(5, 3, 32356);
data.setCell(6, 0, 6)
data.setCell(6, 1, 'patientInfoValidationTest')
data.setCell(6, 2, 'com.niveus.PatientInfoTest')
data.setCell(6, 3, 26204);
data.setCell(7, 0, 7)
data.setCell(7, 1, 'chatMemeberValidation')
data.setCell(7, 2, 'com.niveus.ChatMemberTest')
data.setCell(7, 3, 25986);
data.setCell(8, 0, 8)
data.setCell(8, 1, 'assigningDoctorTest')
data.setCell(8, 2, 'com.niveus.AssigningDoctorTest')
data.setCell(8, 3, 22556);
data.setCell(9, 0, 9)
data.setCell(9, 1, 'addspecialityValidationTest')
data.setCell(9, 2, 'com.niveus.AddSpecialityTest')
data.setCell(9, 3, 21022);
data.setCell(10, 0, 10)
data.setCell(10, 1, 'uploadDocumentValidation')
data.setCell(10, 2, 'com.niveus.UploadDocumentTest')
data.setCell(10, 3, 19084);
data.setCell(11, 0, 11)
data.setCell(11, 1, 'updateProfileInformation')
data.setCell(11, 2, 'com.niveus.ProfileUpadateTest')
data.setCell(11, 3, 14886);
data.setCell(12, 0, 12)
data.setCell(12, 1, 'loginPageTest')
data.setCell(12, 2, 'com.niveus.LoginTest')
data.setCell(12, 3, 2022);
data.setCell(13, 0, 13)
data.setCell(13, 1, 'uploadPhotoValidation')
data.setCell(13, 2, 'com.niveus.UploadPhotosTest')
data.setCell(13, 3, 78);
data.setCell(14, 0, 14)
data.setCell(14, 1, 'closeCodeValidationTest')
data.setCell(14, 2, 'com.niveus.CloseCodeTest')
data.setCell(14, 3, 29);
window.suiteTableData['Surefire_suite']= { tableData: data, tableDiv: 'times-div-Surefire_suite'}
return data;
}
              </script>
              <span class="suite-total-time">Total running time: 8 minutes</span>
              <div id="times-div-Surefire_suite">
              </div> <!-- times-div-Surefire_suite -->
            </div> <!-- times-div -->
          </div> <!-- main-panel-content rounded-window-bottom -->
        </div> <!-- panel -->
        <div panel-name="reporter-Surefire_suite" class="panel">
          <div class="main-panel-header rounded-window-top">
            <span class="header-content">Reporter output for Surefire suite</span>
          </div> <!-- main-panel-header rounded-window-top -->
          <div class="main-panel-content rounded-window-bottom">
            <div class="reporter-method-div">
              <span class="reporter-method-name">assigningDoctorTest</span>
              <div class="reporter-method-output-div">
                <span class="reporter-method-output">Assigining doctor Testcase is running...........</span>
                <span class="reporter-method-output">Login page is sucessfully displayed</span>
                <span class="reporter-method-output">sucessfully logedin and Home page is displayed</span>
                <span class="reporter-method-output">sucessfully clicked on new button</span>
                <span class="reporter-method-output">sucessfully specialty is seleced</span>
                <span class="reporter-method-output">Session has been created sucessfully created</span>
                <span class="reporter-method-output">Doctor is sucessfully added to the chat session</span>
                <span class="reporter-method-output">DOctor is assigned to the cht session</span>
                <span class="reporter-method-output">AssigningDoctorTest TestCase is sucessfully done ############################# TEST IS PASS</span>
              </div> <!-- reporter-method-output-div -->
            </div> <!-- reporter-method-div -->
            <div class="reporter-method-div">
              <span class="reporter-method-name">patientSearchTest</span>
              <div class="reporter-method-output-div">
                <span class="reporter-method-output">SearchValidation Testcase is runnng..........</span>
                <span class="reporter-method-output">Login page is sucessfully displayed</span>
                <span class="reporter-method-output">sucessfully loged in and Home page is displayed</span>
                <span class="reporter-method-output">sucessfully clicked on New buuton</span>
                <span class="reporter-method-output">Session has been created sucessfully created</span>
                <span class="reporter-method-output">Search is sucessfully done</span>
                <span class="reporter-method-output">SearchValidation TestCase is sucessfully done ############################# TEST IS PASS</span>
                <span class="reporter-method-output">SearchValidation TestCase is sucessfully done ############################# TEST IS PASS</span>
                <span class="reporter-method-output">Search is sucessfully done</span>
                <span class="reporter-method-output">SearchValidation TestCase is sucessfully done ############################# TEST IS PASS</span>
                <span class="reporter-method-output">Search is sucessfully done</span>
                <span class="reporter-method-output">SearchValidation TestCase is sucessfully done ############################# TEST IS PASS</span>
              </div> <!-- reporter-method-output-div -->
            </div> <!-- reporter-method-div -->
            <div class="reporter-method-div">
              <span class="reporter-method-name">updateProfileInformation</span>
              <div class="reporter-method-output-div">
                <span class="reporter-method-output">ProfileUpdate Testcase is runnng..........</span>
                <span class="reporter-method-output">Login page is sucessfully displayed</span>
                <span class="reporter-method-output">sucessfully loged in and Home page is displayed</span>
                <span class="reporter-method-output">Profile ingormation is sucessfully updated</span>
                <span class="reporter-method-output">ProfileUpdateTest TestCase is sucessfully done ############################# TEST IS PASS</span>
              </div> <!-- reporter-method-output-div -->
            </div> <!-- reporter-method-div -->
            <div class="reporter-method-div">
              <span class="reporter-method-name">participantValidationTest</span>
              <div class="reporter-method-output-div">
                <span class="reporter-method-output">Participant Testcase is runnng..........</span>
                <span class="reporter-method-output">Login page is sucessfully displayed</span>
                <span class="reporter-method-output">Submitter Provider role is selected</span>
                <span class="reporter-method-output">sucessfully loged in and Home page is displayed</span>
                <span class="reporter-method-output">Full Access sucess</span>
                <span class="reporter-method-output">ParticipantTest TestCase is sucessfully done ################################################## TEST IS PASS</span>
              </div> <!-- reporter-method-output-div -->
            </div> <!-- reporter-method-div -->
            <div class="reporter-method-div">
              <span class="reporter-method-name">uploadDocumentValidation</span>
              <div class="reporter-method-output-div">
                <span class="reporter-method-output">UploadDocument Testcase is runnng..........</span>
                <span class="reporter-method-output">Login page is sucessfully displayed</span>
                <span class="reporter-method-output">Submitter Provider role is selected</span>
                <span class="reporter-method-output">sucessfully loged in and Home page is displayed</span>
                <span class="reporter-method-output">file has been successfully uploaded. sucessfully updated</span>
                <span class="reporter-method-output">UploadDocument Test is sucessfully done ############################# TEST IS PASS</span>
              </div> <!-- reporter-method-output-div -->
            </div> <!-- reporter-method-div -->
            <div class="reporter-method-div">
              <span class="reporter-method-name">addspecialityValidationTest</span>
              <div class="reporter-method-output-div">
                <span class="reporter-method-output">AddSpecialty testcase is running...........</span>
                <span class="reporter-method-output">Login page is sucessfully displayed</span>
                <span class="reporter-method-output">Submitter Provider role is selected</span>
                <span class="reporter-method-output">sucessfully loged in and Home page is displayed</span>
                <span class="reporter-method-output">chat session is sucessfully displayed in Add specialty..>>>>>>>>>>></span>
                <span class="reporter-method-output">Speciality list is displaying sucessfully</span>
                <span class="reporter-method-output">Doctor is sucessfully added to the chat session</span>
                <span class="reporter-method-output">AddSpeciality TestCase is sucessfully done ############################# TEST IS PASS</span>
              </div> <!-- reporter-method-output-div -->
            </div> <!-- reporter-method-div -->
            <div class="reporter-method-div">
              <span class="reporter-method-name">chatMemeberValidation</span>
              <div class="reporter-method-output-div">
                <span class="reporter-method-output">Chatmember Testcase is running............</span>
                <span class="reporter-method-output">Login page is sucessfully displayed</span>
                <span class="reporter-method-output">Submitter Provider role is selected</span>
                <span class="reporter-method-output">sucessfully logedin and Home page is displayed</span>
                <span class="reporter-method-output">click on the new button sucessfully......###########</span>
                <span class="reporter-method-output">Chat Member   Test   step ....1</span>
                <span class="reporter-method-output">sucessfully enter the speciality and chief complaint.........########</span>
                <span class="reporter-method-output">count number...1</span>
                <span class="reporter-method-output">Icd code is sucessfully displayed............############</span>
                <span class="reporter-method-output">Chat Member   Test   step ....2</span>
                <span class="reporter-method-output">Chat Member   Test   step ....3</span>
                <span class="reporter-method-output">Chat Member   Test   step ....4</span>
                <span class="reporter-method-output">Doctor is sucessfully added to the chat session</span>
                <span class="reporter-method-output">Doctor is assigned to the chat session</span>
                <span class="reporter-method-output">Patient  is sucessfully added to the chat session</span>
                <span class="reporter-method-output">Doctor is sucessfully added to the chat session</span>
                <span class="reporter-method-output">DOctor is assigned to the chat session</span>
                <span class="reporter-method-output">Patient  is sucessgully added to the chat session</span>
                <span class="reporter-method-output">Chat Member   Test   step ....5</span>
                <span class="reporter-method-output">Responder 1 name  is displayed sucessfully</span>
                <span class="reporter-method-output">patient name is displayed  sucesssfully</span>
                <span class="reporter-method-output">ChatMember TestCase is sucessfully done  ############################# TEST IS PASS</span>
              </div> <!-- reporter-method-output-div -->
            </div> <!-- reporter-method-div -->
            <div class="reporter-method-div">
              <span class="reporter-method-name">loginPageTest</span>
              <div class="reporter-method-output-div">
                <span class="reporter-method-output">Login Testcase is runnng..........</span>
                <span class="reporter-method-output">Login page is sucessfully displayed</span>
                <span class="reporter-method-output">sucessfully loged in and Home page is displayed</span>
                <span class="reporter-method-output">Login TestCase is sucessfully done ############################# TEST IS PASS</span>
              </div> <!-- reporter-method-output-div -->
            </div> <!-- reporter-method-div -->
            <div class="reporter-method-div">
              <span class="reporter-method-name">patientInfoValidationTest</span>
              <div class="reporter-method-output-div">
                <span class="reporter-method-output">PatientInfo Testcase is runnng..........</span>
                <span class="reporter-method-output">Login page is sucessfully displayed</span>
                <span class="reporter-method-output">Submitter Provider role is selected</span>
                <span class="reporter-method-output">sucessfully loged in and Home page is displayed</span>
                <span class="reporter-method-output">Patient Info  Test   step ....1</span>
                <span class="reporter-method-output">sucessfully icd code is selected.................##########</span>
                <span class="reporter-method-output">Patient Info  Test   step ....2</span>
                <span class="reporter-method-output">Patient Info  Test   step ....3</span>
                <span class="reporter-method-output">Patient Info  Test   step ....4</span>
                <span class="reporter-method-output">Doctor is sucessfully added to the cht session</span>
                <span class="reporter-method-output">DOctor is assigned to the cht session</span>
                <span class="reporter-method-output">Patien  is sucessgully added to the chat session</span>
                <span class="reporter-method-output">Doctor is sucessfully added to the cht session</span>
                <span class="reporter-method-output">DOctor is assigned to the cht session</span>
                <span class="reporter-method-output">Patien  is sucessgully added to the chat session</span>
                <span class="reporter-method-output">Doctor is sucessfully added to the cht session</span>
                <span class="reporter-method-output">DOctor is assigned to the cht session</span>
                <span class="reporter-method-output">Patien  is sucessgully added to the chat session</span>
                <span class="reporter-method-output">Patien Info   Test   step ....5</span>
                <span class="reporter-method-output">Patient Details
Close
Name:
Prasanna Helo
Chief:
Have A Knee Pain In Leg
Dob:
11-11-1998
Gender:
Female
Year:
21 Years Old
Mobile:
917022912986
Email:
prasanna@gmail.com
Icd:
I11.0 Hypertensive Heart Disease With Heart Failure
Cpt: sucess</span>
                <span class="reporter-method-output">patient name is displayed  sucesssfully</span>
                <span class="reporter-method-output">patient date of birth  is displayed  sucesssfully</span>
                <span class="reporter-method-output">patient year  is displayed  sucesssfully</span>
                <span class="reporter-method-output">PatientInfoTest TestCase is sucessfully done ################################################## TEST IS PASS</span>
              </div> <!-- reporter-method-output-div -->
            </div> <!-- reporter-method-div -->
            <div class="reporter-method-div">
              <span class="reporter-method-name">mediaFileValidation</span>
              <div class="reporter-method-output-div">
                <span class="reporter-method-output">MediaFile Testcase is runnng..........</span>
                <span class="reporter-method-output">Login page is sucessfully displayed</span>
                <span class="reporter-method-output">Submitter Provider role is selected</span>
                <span class="reporter-method-output">sucessfully loged in and Home page is displayed</span>
                <span class="reporter-method-output">Chat session is sucessfully  displayed in the landing page</span>
                <span class="reporter-method-output">Media File Test   step ....1</span>
                <span class="reporter-method-output">Media File Test   step ....2</span>
                <span class="reporter-method-output">Media File Test   step ....3</span>
                <span class="reporter-method-output">file has been successfully uploaded. sucessfully updated</span>
                <span class="reporter-method-output">Media File Test   step ....4</span>
                <span class="reporter-method-output">media file is sucessfully displayed</span>
                <span class="reporter-method-output">MediaFileTest TestCase is sucessfully done ################################################## TEST IS PASS</span>
              </div> <!-- reporter-method-output-div -->
            </div> <!-- reporter-method-div -->
            <div class="reporter-method-div">
              <span class="reporter-method-name">filterValidationTest</span>
              <div class="reporter-method-output-div">
                <span class="reporter-method-output">FilterTest Testcase is runnng..........</span>
                <span class="reporter-method-output">Login page is sucessfully displayed</span>
                <span class="reporter-method-output">sucessfully logedin and Home page is displayed</span>
              </div> <!-- reporter-method-output-div -->
            </div> <!-- reporter-method-div -->
            <div class="reporter-method-div">
              <span class="reporter-method-name">addNewPatientTest</span>
              <div class="reporter-method-output-div">
                <span class="reporter-method-output">Addnewpatient testcase is running.............############</span>
              </div> <!-- reporter-method-output-div -->
            </div> <!-- reporter-method-div -->
            <div class="reporter-method-div">
              <span class="reporter-method-name">uploadPhotoValidation</span>
              <div class="reporter-method-output-div">
                <span class="reporter-method-output">UploadPhoto Testcase is runnng..........</span>
              </div> <!-- reporter-method-output-div -->
            </div> <!-- reporter-method-div -->
            <div class="reporter-method-div">
              <span class="reporter-method-name">closeCodeValidationTest</span>
              <div class="reporter-method-output-div">
                <span class="reporter-method-output">Closecode Testcase is runnng..........</span>
              </div> <!-- reporter-method-output-div -->
            </div> <!-- reporter-method-div -->
            <div class="reporter-method-div">
              <span class="reporter-method-name">statusValidation</span>
              <div class="reporter-method-output-div">
                <span class="reporter-method-output">Responder Status Testcase is runnng..........</span>
                <span class="reporter-method-output">Login page is sucessfully displayed</span>
                <span class="reporter-method-output">sucessfully loged in and Home page is displayed</span>
                <span class="reporter-method-output">User status is changed to Chat Only</span>
                <span class="reporter-method-output">status is sucessfully changed </span>
                <span class="reporter-method-output">ResponderStatus TestCase is sucessfully done ############################# TEST IS PASS</span>
              </div> <!-- reporter-method-output-div -->
            </div> <!-- reporter-method-div -->
          </div> <!-- main-panel-content rounded-window-bottom -->
        </div> <!-- panel -->
        <div panel-name="ignored-methods-Surefire_suite" class="panel">
          <div class="main-panel-header rounded-window-top">
            <span class="header-content">28 ignored methods</span>
          </div> <!-- main-panel-header rounded-window-top -->
          <div class="main-panel-content rounded-window-bottom">
            <div class="ignored-class-div">
              <span class="ignored-class-name">com.niveus.MediaFileTest</span>
              <div class="ignored-methods-div">
                <span class="ignored-method-name">setUp</span>
                <br/>
                <span class="ignored-method-name">flushReport</span>
                <br/>
              </div> <!-- ignored-methods-div -->
            </div> <!-- ignored-class-div -->
            <div class="ignored-class-div">
              <span class="ignored-class-name">com.niveus.UploadPhotosTest</span>
              <div class="ignored-methods-div">
                <span class="ignored-method-name">setUp</span>
                <br/>
                <span class="ignored-method-name">flushReport</span>
                <br/>
              </div> <!-- ignored-methods-div -->
            </div> <!-- ignored-class-div -->
            <div class="ignored-class-div">
              <span class="ignored-class-name">com.niveus.LoginTest</span>
              <div class="ignored-methods-div">
                <span class="ignored-method-name">setUp</span>
                <br/>
                <span class="ignored-method-name">flushReport</span>
                <br/>
              </div> <!-- ignored-methods-div -->
            </div> <!-- ignored-class-div -->
            <div class="ignored-class-div">
              <span class="ignored-class-name">com.niveus.SearchValidationTest</span>
              <div class="ignored-methods-div">
                <span class="ignored-method-name">setUp</span>
                <br/>
                <span class="ignored-method-name">flushReport</span>
                <br/>
              </div> <!-- ignored-methods-div -->
            </div> <!-- ignored-class-div -->
            <div class="ignored-class-div">
              <span class="ignored-class-name">com.niveus.CloseCodeTest</span>
              <div class="ignored-methods-div">
                <span class="ignored-method-name">setUp</span>
                <br/>
                <span class="ignored-method-name">flushReport</span>
                <br/>
              </div> <!-- ignored-methods-div -->
            </div> <!-- ignored-class-div -->
            <div class="ignored-class-div">
              <span class="ignored-class-name">com.niveus.UploadDocumentTest</span>
              <div class="ignored-methods-div">
                <span class="ignored-method-name">setUp</span>
                <br/>
                <span class="ignored-method-name">flushReport</span>
                <br/>
              </div> <!-- ignored-methods-div -->
            </div> <!-- ignored-class-div -->
            <div class="ignored-class-div">
              <span class="ignored-class-name">com.niveus.AddNewPatientTest</span>
              <div class="ignored-methods-div">
                <span class="ignored-method-name">setUp</span>
                <br/>
                <span class="ignored-method-name">flushReport</span>
                <br/>
              </div> <!-- ignored-methods-div -->
            </div> <!-- ignored-class-div -->
            <div class="ignored-class-div">
              <span class="ignored-class-name">com.niveus.ProfileUpadateTest</span>
              <div class="ignored-methods-div">
                <span class="ignored-method-name">setUp</span>
                <br/>
                <span class="ignored-method-name">flushReport</span>
                <br/>
              </div> <!-- ignored-methods-div -->
            </div> <!-- ignored-class-div -->
            <div class="ignored-class-div">
              <span class="ignored-class-name">com.niveus.FilterTest</span>
              <div class="ignored-methods-div">
                <span class="ignored-method-name">setUp</span>
                <br/>
                <span class="ignored-method-name">flushReport</span>
                <br/>
              </div> <!-- ignored-methods-div -->
            </div> <!-- ignored-class-div -->
            <div class="ignored-class-div">
              <span class="ignored-class-name">com.niveus.AddSpecialityTest</span>
              <div class="ignored-methods-div">
                <span class="ignored-method-name">setUp</span>
                <br/>
                <span class="ignored-method-name">flushReport</span>
                <br/>
              </div> <!-- ignored-methods-div -->
            </div> <!-- ignored-class-div -->
            <div class="ignored-class-div">
              <span class="ignored-class-name">com.niveus.ParticipantTest</span>
              <div class="ignored-methods-div">
                <span class="ignored-method-name">setUp</span>
                <br/>
                <span class="ignored-method-name">flushReport</span>
                <br/>
              </div> <!-- ignored-methods-div -->
            </div> <!-- ignored-class-div -->
            <div class="ignored-class-div">
              <span class="ignored-class-name">com.niveus.ResponderStatusTest</span>
              <div class="ignored-methods-div">
                <span class="ignored-method-name">setUp</span>
                <br/>
                <span class="ignored-method-name">flushReport</span>
                <br/>
              </div> <!-- ignored-methods-div -->
            </div> <!-- ignored-class-div -->
            <div class="ignored-class-div">
              <span class="ignored-class-name">com.niveus.ChatMemberTest</span>
              <div class="ignored-methods-div">
                <span class="ignored-method-name">setUp</span>
                <br/>
                <span class="ignored-method-name">flushReport</span>
                <br/>
              </div> <!-- ignored-methods-div -->
            </div> <!-- ignored-class-div -->
            <div class="ignored-class-div">
              <span class="ignored-class-name">com.niveus.PatientInfoTest</span>
              <div class="ignored-methods-div">
                <span class="ignored-method-name">setUp</span>
                <br/>
                <span class="ignored-method-name">flushReport</span>
                <br/>
              </div> <!-- ignored-methods-div -->
            </div> <!-- ignored-class-div -->
          </div> <!-- main-panel-content rounded-window-bottom -->
        </div> <!-- panel -->
        <div panel-name="chronological-Surefire_suite" class="panel">
          <div class="main-panel-header rounded-window-top">
            <span class="header-content">Methods in chronological order</span>
          </div> <!-- main-panel-header rounded-window-top -->
          <div class="main-panel-content rounded-window-bottom">
            <div class="chronological-class">
              <div class="chronological-class-name">com.niveus.AssigningDoctorTest</div> <!-- chronological-class-name -->
              <div class="configuration-suite before">
                <span class="method-name">setUp</span>
                <span class="method-start">0 ms</span>
              </div> <!-- configuration-suite before -->
              <div class="configuration-class before">
                <span class="method-name">configBc</span>
                <span class="method-start">265 ms</span>
              </div> <!-- configuration-class before -->
              <div class="test-method">
                <span class="method-name">assigningDoctorTest</span>
                <span class="method-start">11763 ms</span>
              </div> <!-- test-method -->
              <div class="configuration-method after">
                <span class="method-name">getResult([TestResult name=assigningDoctorTest status=SUCCESS method=AssigningDoctorTest.assigningDoctorTest()...)</span>
                <span class="method-start">34321 ms</span>
              </div> <!-- configuration-method after -->
            </div> <!-- chronological-class -->
            <div class="chronological-class">
              <div class="chronological-class-name">com.niveus.SearchValidationTest</div> <!-- chronological-class-name -->
              <div class="configuration-class before">
                <span class="method-name">configBc</span>
                <span class="method-start">34400 ms</span>
              </div> <!-- configuration-class before -->
              <div class="test-method">
                <span class="method-name">patientSearchTest</span>
                <span class="method-start">53249 ms</span>
              </div> <!-- test-method -->
              <div class="configuration-method after">
                <span class="method-name">getResult([TestResult name=patientSearchTest status=SUCCESS method=SearchValidationTest.patientSearchTest()[pr...)</span>
                <span class="method-start">142660 ms</span>
              </div> <!-- configuration-method after -->
            </div> <!-- chronological-class -->
            <div class="chronological-class">
              <div class="chronological-class-name">com.niveus.UploadDocumentTest</div> <!-- chronological-class-name -->
              <div class="configuration-class before">
                <span class="method-name">configBc</span>
                <span class="method-start">142729 ms</span>
              </div> <!-- configuration-class before -->
              <div class="test-method">
                <span class="method-name">uploadDocumentValidation</span>
                <span class="method-start">150225 ms</span>
              </div> <!-- test-method -->
              <div class="configuration-method after">
                <span class="method-name">getResult([TestResult name=uploadDocumentValidation status=SUCCESS method=UploadDocumentTest.uploadDocumentVal...)</span>
                <span class="method-start">169309 ms</span>
              </div> <!-- configuration-method after -->
            </div> <!-- chronological-class -->
            <div class="chronological-class">
              <div class="chronological-class-name">com.niveus.ParticipantTest</div> <!-- chronological-class-name -->
              <div class="configuration-class before">
                <span class="method-name">configBc</span>
                <span class="method-start">169310 ms</span>
              </div> <!-- configuration-class before -->
              <div class="test-method">
                <span class="method-name">participantValidationTest</span>
                <span class="method-start">178229 ms</span>
              </div> <!-- test-method -->
              <div class="configuration-method after">
                <span class="method-name">getResult([TestResult name=participantValidationTest status=SUCCESS method=ParticipantTest.participantValidati...)</span>
                <span class="method-start">212404 ms</span>
              </div> <!-- configuration-method after -->
            </div> <!-- chronological-class -->
            <div class="chronological-class">
              <div class="chronological-class-name">com.niveus.AddSpecialityTest</div> <!-- chronological-class-name -->
              <div class="configuration-class before">
                <span class="method-name">configBc</span>
                <span class="method-start">212524 ms</span>
              </div> <!-- configuration-class before -->
              <div class="test-method">
                <span class="method-name">addspecialityValidationTest</span>
                <span class="method-start">219375 ms</span>
              </div> <!-- test-method -->
              <div class="configuration-method after">
                <span class="method-name">getResult([TestResult name=addspecialityValidationTest status=SUCCESS method=AddSpecialityTest.addspecialityVa...)</span>
                <span class="method-start">240397 ms</span>
              </div> <!-- configuration-method after -->
            </div> <!-- chronological-class -->
            <div class="chronological-class">
              <div class="chronological-class-name">com.niveus.PatientInfoTest</div> <!-- chronological-class-name -->
              <div class="configuration-class before">
                <span class="method-name">configBc</span>
                <span class="method-start">240514 ms</span>
              </div> <!-- configuration-class before -->
              <div class="test-method">
                <span class="method-name">patientInfoValidationTest</span>
                <span class="method-start">248377 ms</span>
              </div> <!-- test-method -->
              <div class="configuration-method after">
                <span class="method-name">getResult([TestResult name=patientInfoValidationTest status=SUCCESS method=PatientInfoTest.patientInfoValidati...)</span>
                <span class="method-start">274582 ms</span>
              </div> <!-- configuration-method after -->
            </div> <!-- chronological-class -->
            <div class="chronological-class">
              <div class="chronological-class-name">com.niveus.ResponderStatusTest</div> <!-- chronological-class-name -->
              <div class="configuration-class before">
                <span class="method-name">configBc</span>
                <span class="method-start">274699 ms</span>
              </div> <!-- configuration-class before -->
              <div class="test-method">
                <img src="failed.png">
                </img>
                <span class="method-name">statusValidation</span>
                <span class="method-start">284608 ms</span>
              </div> <!-- test-method -->
              <div class="configuration-method after">
                <span class="method-name">getResult([TestResult name=statusValidation status=FAILURE method=ResponderStatusTest.statusValidation()[pri:0...)</span>
                <span class="method-start">416893 ms</span>
              </div> <!-- configuration-method after -->
            </div> <!-- chronological-class -->
            <div class="chronological-class">
              <div class="chronological-class-name">com.niveus.ProfileUpadateTest</div> <!-- chronological-class-name -->
              <div class="configuration-class before">
                <span class="method-name">configBc</span>
                <span class="method-start">417891 ms</span>
              </div> <!-- configuration-class before -->
              <div class="test-method">
                <span class="method-name">updateProfileInformation</span>
                <span class="method-start">437130 ms</span>
              </div> <!-- test-method -->
              <div class="configuration-method after">
                <span class="method-name">getResult([TestResult name=updateProfileInformation status=SUCCESS method=ProfileUpadateTest.updateProfileInfo...)</span>
                <span class="method-start">452016 ms</span>
              </div> <!-- configuration-method after -->
            </div> <!-- chronological-class -->
            <div class="chronological-class">
              <div class="chronological-class-name">com.niveus.MediaFileTest</div> <!-- chronological-class-name -->
              <div class="configuration-class before">
                <span class="method-name">configBc</span>
                <span class="method-start">452083 ms</span>
              </div> <!-- configuration-class before -->
              <div class="test-method">
                <span class="method-name">mediaFileValidation</span>
                <span class="method-start">461138 ms</span>
              </div> <!-- test-method -->
              <div class="configuration-method after">
                <span class="method-name">getResult([TestResult name=mediaFileValidation status=SUCCESS method=MediaFileTest.mediaFileValidation()[pri:0...)</span>
                <span class="method-start">502104 ms</span>
              </div> <!-- configuration-method after -->
            </div> <!-- chronological-class -->
            <div class="chronological-class">
              <div class="chronological-class-name">com.niveus.FilterTest</div> <!-- chronological-class-name -->
              <div class="configuration-class before">
                <span class="method-name">configBc</span>
                <span class="method-start">502280 ms</span>
              </div> <!-- configuration-class before -->
              <div class="test-method">
                <img src="failed.png">
                </img>
                <span class="method-name">filterValidationTest</span>
                <span class="method-start">507396 ms</span>
              </div> <!-- test-method -->
              <div class="configuration-method after">
                <span class="method-name">getResult([TestResult name=filterValidationTest status=FAILURE method=FilterTest.filterValidationTest()[pri:0,...)</span>
                <span class="method-start">539754 ms</span>
              </div> <!-- configuration-method after -->
            </div> <!-- chronological-class -->
            <div class="chronological-class">
              <div class="chronological-class-name">com.niveus.LoginTest</div> <!-- chronological-class-name -->
              <div class="configuration-class before">
                <span class="method-name">configBc</span>
                <span class="method-start">540681 ms</span>
              </div> <!-- configuration-class before -->
              <div class="test-method">
                <span class="method-name">loginPageTest</span>
                <span class="method-start">550402 ms</span>
              </div> <!-- test-method -->
              <div class="configuration-method after">
                <span class="method-name">getResult([TestResult name=loginPageTest status=SUCCESS method=LoginTest.loginPageTest()[pri:0, instance:com.n...)</span>
                <span class="method-start">552424 ms</span>
              </div> <!-- configuration-method after -->
            </div> <!-- chronological-class -->
            <div class="chronological-class">
              <div class="chronological-class-name">com.niveus.ChatMemberTest</div> <!-- chronological-class-name -->
              <div class="configuration-class before">
                <span class="method-name">configBc</span>
                <span class="method-start">552499 ms</span>
              </div> <!-- configuration-class before -->
              <div class="test-method">
                <span class="method-name">chatMemeberValidation</span>
                <span class="method-start">564849 ms</span>
              </div> <!-- test-method -->
              <div class="configuration-method after">
                <span class="method-name">getResult([TestResult name=chatMemeberValidation status=SUCCESS method=ChatMemberTest.chatMemeberValidation()[...)</span>
                <span class="method-start">590837 ms</span>
              </div> <!-- configuration-method after -->
            </div> <!-- chronological-class -->
            <div class="chronological-class">
              <div class="chronological-class-name">com.niveus.AddNewPatientTest</div> <!-- chronological-class-name -->
              <div class="configuration-class before">
                <span class="method-name">configBc</span>
                <span class="method-start">590912 ms</span>
              </div> <!-- configuration-class before -->
              <div class="test-method">
                <img src="failed.png">
                </img>
                <span class="method-name">addNewPatientTest</span>
                <span class="method-start">597898 ms</span>
              </div> <!-- test-method -->
              <div class="configuration-method after">
                <span class="method-name">getResult([TestResult name=addNewPatientTest status=FAILURE method=AddNewPatientTest.addNewPatientTest()[pri:0...)</span>
                <span class="method-start">670245 ms</span>
              </div> <!-- configuration-method after -->
            </div> <!-- chronological-class -->
            <div class="chronological-class">
              <div class="chronological-class-name">com.niveus.UploadPhotosTest</div> <!-- chronological-class-name -->
              <div class="configuration-class before">
                <span class="method-name">configBc</span>
                <span class="method-start">671056 ms</span>
              </div> <!-- configuration-class before -->
              <div class="test-method">
                <img src="failed.png">
                </img>
                <span class="method-name">uploadPhotoValidation</span>
                <span class="method-start">671793 ms</span>
              </div> <!-- test-method -->
              <div class="configuration-method after">
                <span class="method-name">getResult([TestResult name=uploadPhotoValidation status=FAILURE method=UploadPhotosTest.uploadPhotoValidation(...)</span>
                <span class="method-start">671872 ms</span>
              </div> <!-- configuration-method after -->
            </div> <!-- chronological-class -->
            <div class="chronological-class">
              <div class="chronological-class-name">com.niveus.CloseCodeTest</div> <!-- chronological-class-name -->
              <div class="configuration-class before">
                <span class="method-name">configBc</span>
                <span class="method-start">672125 ms</span>
              </div> <!-- configuration-class before -->
              <div class="test-method">
                <img src="failed.png">
                </img>
                <span class="method-name">closeCodeValidationTest</span>
                <span class="method-start">672985 ms</span>
              </div> <!-- test-method -->
              <div class="configuration-method after">
                <span class="method-name">getResult([TestResult name=closeCodeValidationTest status=FAILURE method=CloseCodeTest.closeCodeValidationTest...)</span>
                <span class="method-start">673015 ms</span>
              </div> <!-- configuration-method after -->
            </div> <!-- chronological-class -->
            <div class="chronological-class">
              <div class="chronological-class-name">com.niveus.AssigningDoctorTest</div> <!-- chronological-class-name -->
              <div class="configuration-suite after">
                <span class="method-name">flushReport</span>
                <span class="method-start">673348 ms</span>
              </div> <!-- configuration-suite after -->
          </div> <!-- main-panel-content rounded-window-bottom -->
        </div> <!-- panel -->
      </div> <!-- main-panel-root -->
    </div> <!-- wrapper -->
  </body>
</html>
