<?xml version="1.0" encoding="UTF-8"?>
<testng-results ignored="28" total="43" passed="10" failed="5" skipped="0">
  <reporter-output>
    <line>
      <![CDATA[AfyaAfya Page  is sucessgully displayed]]>
    </line>
    <line>
      <![CDATA[Assigining doctor Testcase is running...........]]>
    </line>
    <line>
      <![CDATA[Login page is sucessfully displayed]]>
    </line>
    <line>
      <![CDATA[sucessfully logedin and Home page is displayed]]>
    </line>
    <line>
      <![CDATA[sucessfully clicked on new button]]>
    </line>
    <line>
      <![CDATA[sucessfully specialty is seleced]]>
    </line>
    <line>
      <![CDATA[Session has been created sucessfully created]]>
    </line>
    <line>
      <![CDATA[Doctor is sucessfully added to the chat session]]>
    </line>
    <line>
      <![CDATA[DOctor is assigned to the cht session]]>
    </line>
    <line>
      <![CDATA[AssigningDoctorTest TestCase is sucessfully done ############################# TEST IS PASS]]>
    </line>
    <line>
      <![CDATA[AfyaAfya Page  is sucessgully displayed]]>
    </line>
    <line>
      <![CDATA[SearchValidation Testcase is runnng..........]]>
    </line>
    <line>
      <![CDATA[Login page is sucessfully displayed]]>
    </line>
    <line>
      <![CDATA[sucessfully loged in and Home page is displayed]]>
    </line>
    <line>
      <![CDATA[sucessfully clicked on New buuton]]>
    </line>
    <line>
      <![CDATA[Session has been created sucessfully created]]>
    </line>
    <line>
      <![CDATA[Search is sucessfully done]]>
    </line>
    <line>
      <![CDATA[SearchValidation TestCase is sucessfully done ############################# TEST IS PASS]]>
    </line>
    <line>
      <![CDATA[SearchValidation TestCase is sucessfully done ############################# TEST IS PASS]]>
    </line>
    <line>
      <![CDATA[Search is sucessfully done]]>
    </line>
    <line>
      <![CDATA[SearchValidation TestCase is sucessfully done ############################# TEST IS PASS]]>
    </line>
    <line>
      <![CDATA[Search is sucessfully done]]>
    </line>
    <line>
      <![CDATA[SearchValidation TestCase is sucessfully done ############################# TEST IS PASS]]>
    </line>
    <line>
      <![CDATA[AfyaAfya Page  is sucessgully displayed]]>
    </line>
    <line>
      <![CDATA[UploadDocument Testcase is runnng..........]]>
    </line>
    <line>
      <![CDATA[Login page is sucessfully displayed]]>
    </line>
    <line>
      <![CDATA[Submitter Provider role is selected]]>
    </line>
    <line>
      <![CDATA[sucessfully loged in and Home page is displayed]]>
    </line>
    <line>
      <![CDATA[file has been successfully uploaded. sucessfully updated]]>
    </line>
    <line>
      <![CDATA[UploadDocument Test is sucessfully done ############################# TEST IS PASS]]>
    </line>
    <line>
      <![CDATA[AfyaAfya Page  is sucessgully displayed]]>
    </line>
    <line>
      <![CDATA[Participant Testcase is runnng..........]]>
    </line>
    <line>
      <![CDATA[Login page is sucessfully displayed]]>
    </line>
    <line>
      <![CDATA[Submitter Provider role is selected]]>
    </line>
    <line>
      <![CDATA[sucessfully loged in and Home page is displayed]]>
    </line>
    <line>
      <![CDATA[Full Access sucess]]>
    </line>
    <line>
      <![CDATA[ParticipantTest TestCase is sucessfully done ################################################## TEST IS PASS]]>
    </line>
    <line>
      <![CDATA[AfyaAfya Page  is sucessgully displayed]]>
    </line>
    <line>
      <![CDATA[AddSpecialty testcase is running...........]]>
    </line>
    <line>
      <![CDATA[Login page is sucessfully displayed]]>
    </line>
    <line>
      <![CDATA[Submitter Provider role is selected]]>
    </line>
    <line>
      <![CDATA[sucessfully loged in and Home page is displayed]]>
    </line>
    <line>
      <![CDATA[chat session is sucessfully displayed in Add specialty..>>>>>>>>>>>]]>
    </line>
    <line>
      <![CDATA[Speciality list is displaying sucessfully]]>
    </line>
    <line>
      <![CDATA[Doctor is sucessfully added to the chat session]]>
    </line>
    <line>
      <![CDATA[AddSpeciality TestCase is sucessfully done ############################# TEST IS PASS]]>
    </line>
    <line>
      <![CDATA[AfyaAfya Page  is sucessgully displayed]]>
    </line>
    <line>
      <![CDATA[PatientInfo Testcase is runnng..........]]>
    </line>
    <line>
      <![CDATA[Login page is sucessfully displayed]]>
    </line>
    <line>
      <![CDATA[Submitter Provider role is selected]]>
    </line>
    <line>
      <![CDATA[sucessfully loged in and Home page is displayed]]>
    </line>
    <line>
      <![CDATA[Patient Info  Test   step ....1]]>
    </line>
    <line>
      <![CDATA[sucessfully icd code is selected.................##########]]>
    </line>
    <line>
      <![CDATA[Patient Info  Test   step ....2]]>
    </line>
    <line>
      <![CDATA[Patient Info  Test   step ....3]]>
    </line>
    <line>
      <![CDATA[Patient Info  Test   step ....4]]>
    </line>
    <line>
      <![CDATA[Doctor is sucessfully added to the cht session]]>
    </line>
    <line>
      <![CDATA[DOctor is assigned to the cht session]]>
    </line>
    <line>
      <![CDATA[Patien  is sucessgully added to the chat session]]>
    </line>
    <line>
      <![CDATA[Doctor is sucessfully added to the cht session]]>
    </line>
    <line>
      <![CDATA[DOctor is assigned to the cht session]]>
    </line>
    <line>
      <![CDATA[Patien  is sucessgully added to the chat session]]>
    </line>
    <line>
      <![CDATA[Doctor is sucessfully added to the cht session]]>
    </line>
    <line>
      <![CDATA[DOctor is assigned to the cht session]]>
    </line>
    <line>
      <![CDATA[Patien  is sucessgully added to the chat session]]>
    </line>
    <line>
      <![CDATA[Patien Info   Test   step ....5]]>
    </line>
    <line>
      <![CDATA[Patient Details
Close
Name:
Prasanna Helo
Chief:
Have A Knee Pain In Leg
Dob:
11-11-1998
Gender:
Female
Year:
21 Years Old
Mobile:
917022912986
Email:
prasanna@gmail.com
Icd:
I11.0 Hypertensive Heart Disease With Heart Failure
Cpt: sucess]]>
    </line>
    <line>
      <![CDATA[patient name is displayed  sucesssfully]]>
    </line>
    <line>
      <![CDATA[patient date of birth  is displayed  sucesssfully]]>
    </line>
    <line>
      <![CDATA[patient year  is displayed  sucesssfully]]>
    </line>
    <line>
      <![CDATA[PatientInfoTest TestCase is sucessfully done ################################################## TEST IS PASS]]>
    </line>
    <line>
      <![CDATA[AfyaAfya Page  is sucessgully displayed]]>
    </line>
    <line>
      <![CDATA[Responder Status Testcase is runnng..........]]>
    </line>
    <line>
      <![CDATA[Login page is sucessfully displayed]]>
    </line>
    <line>
      <![CDATA[sucessfully loged in and Home page is displayed]]>
    </line>
    <line>
      <![CDATA[User status is changed to Chat Only]]>
    </line>
    <line>
      <![CDATA[status is sucessfully changed ]]>
    </line>
    <line>
      <![CDATA[ResponderStatus TestCase is sucessfully done ############################# TEST IS PASS]]>
    </line>
    <line>
      <![CDATA[AfyaAfya Page  is sucessgully displayed]]>
    </line>
    <line>
      <![CDATA[ProfileUpdate Testcase is runnng..........]]>
    </line>
    <line>
      <![CDATA[Login page is sucessfully displayed]]>
    </line>
    <line>
      <![CDATA[sucessfully loged in and Home page is displayed]]>
    </line>
    <line>
      <![CDATA[Profile ingormation is sucessfully updated]]>
    </line>
    <line>
      <![CDATA[ProfileUpdateTest TestCase is sucessfully done ############################# TEST IS PASS]]>
    </line>
    <line>
      <![CDATA[AfyaAfya Page  is sucessgully displayed]]>
    </line>
    <line>
      <![CDATA[MediaFile Testcase is runnng..........]]>
    </line>
    <line>
      <![CDATA[Login page is sucessfully displayed]]>
    </line>
    <line>
      <![CDATA[Submitter Provider role is selected]]>
    </line>
    <line>
      <![CDATA[sucessfully loged in and Home page is displayed]]>
    </line>
    <line>
      <![CDATA[Chat session is sucessfully  displayed in the landing page]]>
    </line>
    <line>
      <![CDATA[Media File Test   step ....1]]>
    </line>
    <line>
      <![CDATA[Media File Test   step ....2]]>
    </line>
    <line>
      <![CDATA[Media File Test   step ....3]]>
    </line>
    <line>
      <![CDATA[file has been successfully uploaded. sucessfully updated]]>
    </line>
    <line>
      <![CDATA[Media File Test   step ....4]]>
    </line>
    <line>
      <![CDATA[media file is sucessfully displayed]]>
    </line>
    <line>
      <![CDATA[MediaFileTest TestCase is sucessfully done ################################################## TEST IS PASS]]>
    </line>
    <line>
      <![CDATA[AfyaAfya Page  is sucessgully displayed]]>
    </line>
    <line>
      <![CDATA[FilterTest Testcase is runnng..........]]>
    </line>
    <line>
      <![CDATA[Login page is sucessfully displayed]]>
    </line>
    <line>
      <![CDATA[sucessfully logedin and Home page is displayed]]>
    </line>
    <line>
      <![CDATA[AfyaAfya Page  is sucessgully displayed]]>
    </line>
    <line>
      <![CDATA[Login Testcase is runnng..........]]>
    </line>
    <line>
      <![CDATA[Login page is sucessfully displayed]]>
    </line>
    <line>
      <![CDATA[sucessfully loged in and Home page is displayed]]>
    </line>
    <line>
      <![CDATA[Login TestCase is sucessfully done ############################# TEST IS PASS]]>
    </line>
    <line>
      <![CDATA[AfyaAfya Page  is sucessgully displayed]]>
    </line>
    <line>
      <![CDATA[Chatmember Testcase is running............]]>
    </line>
    <line>
      <![CDATA[Login page is sucessfully displayed]]>
    </line>
    <line>
      <![CDATA[Submitter Provider role is selected]]>
    </line>
    <line>
      <![CDATA[sucessfully logedin and Home page is displayed]]>
    </line>
    <line>
      <![CDATA[click on the new button sucessfully......###########]]>
    </line>
    <line>
      <![CDATA[Chat Member   Test   step ....1]]>
    </line>
    <line>
      <![CDATA[sucessfully enter the speciality and chief complaint.........########]]>
    </line>
    <line>
      <![CDATA[count number...1]]>
    </line>
    <line>
      <![CDATA[Icd code is sucessfully displayed............############]]>
    </line>
    <line>
      <![CDATA[Chat Member   Test   step ....2]]>
    </line>
    <line>
      <![CDATA[Chat Member   Test   step ....3]]>
    </line>
    <line>
      <![CDATA[Chat Member   Test   step ....4]]>
    </line>
    <line>
      <![CDATA[Doctor is sucessfully added to the chat session]]>
    </line>
    <line>
      <![CDATA[Doctor is assigned to the chat session]]>
    </line>
    <line>
      <![CDATA[Patient  is sucessfully added to the chat session]]>
    </line>
    <line>
      <![CDATA[Doctor is sucessfully added to the chat session]]>
    </line>
    <line>
      <![CDATA[DOctor is assigned to the chat session]]>
    </line>
    <line>
      <![CDATA[Patient  is sucessgully added to the chat session]]>
    </line>
    <line>
      <![CDATA[Chat Member   Test   step ....5]]>
    </line>
    <line>
      <![CDATA[Responder 1 name  is displayed sucessfully]]>
    </line>
    <line>
      <![CDATA[patient name is displayed  sucesssfully]]>
    </line>
    <line>
      <![CDATA[ChatMember TestCase is sucessfully done  ############################# TEST IS PASS]]>
    </line>
    <line>
      <![CDATA[AfyaAfya Page  is sucessgully displayed]]>
    </line>
    <line>
      <![CDATA[Addnewpatient testcase is running.............############]]>
    </line>
    <line>
      <![CDATA[Afya Page  is sucessgully displayed]]>
    </line>
    <line>
      <![CDATA[UploadPhoto Testcase is runnng..........]]>
    </line>
    <line>
      <![CDATA[Afya Page  is sucessgully displayed]]>
    </line>
    <line>
      <![CDATA[Closecode Testcase is runnng..........]]>
    </line>
  </reporter-output>
  <suite started-at="2020-10-28T09:56:09 IST" name="Surefire suite" finished-at="2020-10-28T10:07:22 IST" duration-ms="673043">
    <groups>
    </groups>
    <test started-at="2020-10-28T09:56:09 IST" name="Surefire test" finished-at="2020-10-28T10:07:22 IST" duration-ms="673043">
      <class name="com.niveus.UploadPhotosTest">
        <test-method is-config="true" signature="configBc()[pri:0, instance:com.niveus.UploadPhotosTest@24a35978]" started-at="2020-10-28T10:07:19 IST" name="configBc" finished-at="2020-10-28T10:07:20 IST" duration-ms="735" status="PASS">
          <reporter-output>
            <line>
              <![CDATA[Afya Page  is sucessgully displayed]]>
            </line>
          </reporter-output>
        </test-method> <!-- configBc -->
        <test-method signature="uploadPhotoValidation()[pri:0, instance:com.niveus.UploadPhotosTest@24a35978]" started-at="2020-10-28T10:07:20 IST" name="uploadPhotoValidation" finished-at="2020-10-28T10:07:20 IST" duration-ms="78" status="FAIL">
          <exception class="org.openqa.selenium.NoSuchElementException">
            <message>
              <![CDATA[no such element: Unable to locate element: {"method":"xpath","selector":"//button[@type='submit']"}
  (Session info: headless chrome=85.0.4183.121)
For documentation on this error, please visit: https://www.seleniumhq.org/exceptions/no_such_element.html
Build info: version: '3.141.59', revision: 'e82be7d358', time: '2018-11-14T08:17:03'
System info: host: 'niveus-HP-EliteBook-820-G3', ip: '127.0.1.1', os.name: 'Linux', os.arch: 'amd64', os.version: '5.4.0-52-generic', java.version: '11.0.8'
Driver info: org.openqa.selenium.chrome.ChromeDriver
Capabilities {acceptInsecureCerts: true, browserName: chrome, browserVersion: 85.0.4183.121, chrome: {chromedriverVersion: 84.0.4147.30 (48b3e868b4cc0..., userDataDir: /tmp/.com.google.Chrome.bszOgu}, goog:chromeOptions: {debuggerAddress: localhost:43551}, javascriptEnabled: true, networkConnectionEnabled: false, pageLoadStrategy: normal, platform: LINUX, platformName: LINUX, proxy: Proxy(), setWindowRect: true, strictFileInteractability: false, timeouts: {implicit: 0, pageLoad: 300000, script: 30000}, unhandledPromptBehavior: dismiss and notify, webauthn:virtualAuthenticators: true}
Session ID: 1a5df1d823b89285a1928a9868b6fb80
*** Element info: {Using=xpath, value=//button[@type='submit']}]]>
            </message>
            <full-stacktrace>
              <![CDATA[org.openqa.selenium.NoSuchElementException: no such element: Unable to locate element: {"method":"xpath","selector":"//button[@type='submit']"}
  (Session info: headless chrome=85.0.4183.121)
For documentation on this error, please visit: https://www.seleniumhq.org/exceptions/no_such_element.html
Build info: version: '3.141.59', revision: 'e82be7d358', time: '2018-11-14T08:17:03'
System info: host: 'niveus-HP-EliteBook-820-G3', ip: '127.0.1.1', os.name: 'Linux', os.arch: 'amd64', os.version: '5.4.0-52-generic', java.version: '11.0.8'
Driver info: org.openqa.selenium.chrome.ChromeDriver
Capabilities {acceptInsecureCerts: true, browserName: chrome, browserVersion: 85.0.4183.121, chrome: {chromedriverVersion: 84.0.4147.30 (48b3e868b4cc0..., userDataDir: /tmp/.com.google.Chrome.bszOgu}, goog:chromeOptions: {debuggerAddress: localhost:43551}, javascriptEnabled: true, networkConnectionEnabled: false, pageLoadStrategy: normal, platform: LINUX, platformName: LINUX, proxy: Proxy(), setWindowRect: true, strictFileInteractability: false, timeouts: {implicit: 0, pageLoad: 300000, script: 30000}, unhandledPromptBehavior: dismiss and notify, webauthn:virtualAuthenticators: true}
Session ID: 1a5df1d823b89285a1928a9868b6fb80
*** Element info: {Using=xpath, value=//button[@type='submit']}
at jdk.internal.reflect.GeneratedConstructorAccessor12.newInstance(Unknown Source)
at java.base/jdk.internal.reflect.DelegatingConstructorAccessorImpl.newInstance(DelegatingConstructorAccessorImpl.java:45)
at java.base/java.lang.reflect.Constructor.newInstance(Constructor.java:490)
at org.openqa.selenium.remote.http.W3CHttpResponseCodec.createException(W3CHttpResponseCodec.java:187)
at org.openqa.selenium.remote.http.W3CHttpResponseCodec.decode(W3CHttpResponseCodec.java:122)
at org.openqa.selenium.remote.http.W3CHttpResponseCodec.decode(W3CHttpResponseCodec.java:49)
at org.openqa.selenium.remote.HttpCommandExecutor.execute(HttpCommandExecutor.java:158)
at org.openqa.selenium.remote.service.DriverCommandExecutor.execute(DriverCommandExecutor.java:83)
at org.openqa.selenium.remote.RemoteWebDriver.execute(RemoteWebDriver.java:552)
at org.openqa.selenium.remote.RemoteWebDriver.findElement(RemoteWebDriver.java:323)
at org.openqa.selenium.remote.RemoteWebDriver.findElementByXPath(RemoteWebDriver.java:428)
at org.openqa.selenium.By$ByXPath.findElement(By.java:353)
at org.openqa.selenium.remote.RemoteWebDriver.findElement(RemoteWebDriver.java:315)
at org.openqa.selenium.support.pagefactory.DefaultElementLocator.findElement(DefaultElementLocator.java:69)
at org.openqa.selenium.support.pagefactory.internal.LocatingElementHandler.invoke(LocatingElementHandler.java:38)
at com.sun.proxy.$Proxy11.getText(Unknown Source)
at com.niveus.UploadPhotosTest.uploadPhotoValidation(UploadPhotosTest.java:42)
at java.base/jdk.internal.reflect.NativeMethodAccessorImpl.invoke0(Native Method)
at java.base/jdk.internal.reflect.NativeMethodAccessorImpl.invoke(NativeMethodAccessorImpl.java:62)
at java.base/jdk.internal.reflect.DelegatingMethodAccessorImpl.invoke(DelegatingMethodAccessorImpl.java:43)
at java.base/java.lang.reflect.Method.invoke(Method.java:566)
at org.testng.internal.MethodInvocationHelper.invokeMethod(MethodInvocationHelper.java:133)
at org.testng.internal.TestInvoker.invokeMethod(TestInvoker.java:584)
at org.testng.internal.TestInvoker.invokeTestMethod(TestInvoker.java:172)
at org.testng.internal.MethodRunner.runInSequence(MethodRunner.java:46)
at org.testng.internal.TestInvoker$MethodInvocationAgent.invoke(TestInvoker.java:804)
at org.testng.internal.TestInvoker.invokeTestMethods(TestInvoker.java:145)
at org.testng.internal.TestMethodWorker.invokeTestMethods(TestMethodWorker.java:146)
at org.testng.internal.TestMethodWorker.run(TestMethodWorker.java:128)
at java.base/java.util.ArrayList.forEach(ArrayList.java:1541)
at org.testng.TestRunner.privateRun(TestRunner.java:770)
at org.testng.TestRunner.run(TestRunner.java:591)
at org.testng.SuiteRunner.runTest(SuiteRunner.java:402)
at org.testng.SuiteRunner.runSequentially(SuiteRunner.java:396)
at org.testng.SuiteRunner.privateRun(SuiteRunner.java:355)
at org.testng.SuiteRunner.run(SuiteRunner.java:304)
at org.testng.SuiteRunnerWorker.runSuite(SuiteRunnerWorker.java:53)
at org.testng.SuiteRunnerWorker.run(SuiteRunnerWorker.java:96)
at org.testng.TestNG.runSuitesSequentially(TestNG.java:1180)
at org.testng.TestNG.runSuitesLocally(TestNG.java:1102)
at org.testng.TestNG.runSuites(TestNG.java:1032)
at org.testng.TestNG.run(TestNG.java:1000)
at org.apache.maven.surefire.testng.TestNGExecutor.run(TestNGExecutor.java:135)
at org.apache.maven.surefire.testng.TestNGDirectoryTestSuite.executeMulti(TestNGDirectoryTestSuite.java:193)
at org.apache.maven.surefire.testng.TestNGDirectoryTestSuite.execute(TestNGDirectoryTestSuite.java:94)
at org.apache.maven.surefire.testng.TestNGProvider.invoke(TestNGProvider.java:146)
at org.apache.maven.surefire.booter.ForkedBooter.invokeProviderInSameClassLoader(ForkedBooter.java:384)
at org.apache.maven.surefire.booter.ForkedBooter.runSuitesInProcess(ForkedBooter.java:345)
at org.apache.maven.surefire.booter.ForkedBooter.execute(ForkedBooter.java:126)
at org.apache.maven.surefire.booter.ForkedBooter.main(ForkedBooter.java:418)
]]>
            </full-stacktrace>
          </exception> <!-- org.openqa.selenium.NoSuchElementException -->
          <reporter-output>
            <line>
              <![CDATA[UploadPhoto Testcase is runnng..........]]>
            </line>
          </reporter-output>
        </test-method> <!-- uploadPhotoValidation -->
        <test-method is-config="true" signature="getResult(org.testng.ITestResult)[pri:0, instance:com.niveus.UploadPhotosTest@24a35978]" started-at="2020-10-28T10:07:20 IST" name="getResult" finished-at="2020-10-28T10:07:21 IST" duration-ms="252" status="PASS">
          <params>
            <param index="0">
              <value>
                <![CDATA[[TestResult name=uploadPhotoValidation status=FAILURE method=UploadPhotosTest.uploadPhotoValidation()[pri:0, instance:com.niveus.UploadPhotosTest@24a35978] output=UploadPhoto Testcase is runnng..........]]]>
              </value>
            </param>
          </params>
          <reporter-output>
          </reporter-output>
        </test-method> <!-- getResult -->
      </class> <!-- com.niveus.UploadPhotosTest -->
      <class name="com.niveus.SearchValidationTest">
        <test-method is-config="true" signature="configBc()[pri:0, instance:com.niveus.SearchValidationTest@481a15ff]" started-at="2020-10-28T09:56:43 IST" name="configBc" finished-at="2020-10-28T09:57:02 IST" duration-ms="18849" status="PASS">
          <reporter-output>
            <line>
              <![CDATA[AfyaAfya Page  is sucessgully displayed]]>
            </line>
          </reporter-output>
        </test-method> <!-- configBc -->
        <test-method signature="patientSearchTest()[pri:0, instance:com.niveus.SearchValidationTest@481a15ff]" started-at="2020-10-28T09:57:02 IST" name="patientSearchTest" finished-at="2020-10-28T09:58:31 IST" duration-ms="89410" status="PASS">
          <reporter-output>
            <line>
              <![CDATA[SearchValidation Testcase is runnng..........]]>
            </line>
            <line>
              <![CDATA[Login page is sucessfully displayed]]>
            </line>
            <line>
              <![CDATA[sucessfully loged in and Home page is displayed]]>
            </line>
            <line>
              <![CDATA[sucessfully clicked on New buuton]]>
            </line>
            <line>
              <![CDATA[Session has been created sucessfully created]]>
            </line>
            <line>
              <![CDATA[Search is sucessfully done]]>
            </line>
            <line>
              <![CDATA[SearchValidation TestCase is sucessfully done ############################# TEST IS PASS]]>
            </line>
            <line>
              <![CDATA[SearchValidation TestCase is sucessfully done ############################# TEST IS PASS]]>
            </line>
            <line>
              <![CDATA[Search is sucessfully done]]>
            </line>
            <line>
              <![CDATA[SearchValidation TestCase is sucessfully done ############################# TEST IS PASS]]>
            </line>
            <line>
              <![CDATA[Search is sucessfully done]]>
            </line>
            <line>
              <![CDATA[SearchValidation TestCase is sucessfully done ############################# TEST IS PASS]]>
            </line>
          </reporter-output>
        </test-method> <!-- patientSearchTest -->
        <test-method is-config="true" signature="getResult(org.testng.ITestResult)[pri:0, instance:com.niveus.SearchValidationTest@481a15ff]" started-at="2020-10-28T09:58:31 IST" name="getResult" finished-at="2020-10-28T09:58:31 IST" duration-ms="68" status="PASS">
          <params>
            <param index="0">
              <value>
                <![CDATA[[TestResult name=patientSearchTest status=SUCCESS method=SearchValidationTest.patientSearchTest()[pri:0, instance:com.niveus.SearchValidationTest@481a15ff] output=SearchValidation Testcase is runnng..........]]]>
              </value>
            </param>
          </params>
          <reporter-output>
          </reporter-output>
        </test-method> <!-- getResult -->
      </class> <!-- com.niveus.SearchValidationTest -->
      <class name="com.niveus.LoginTest">
        <test-method is-config="true" signature="configBc()[pri:0, instance:com.niveus.LoginTest@727803de]" started-at="2020-10-28T10:05:09 IST" name="configBc" finished-at="2020-10-28T10:05:19 IST" duration-ms="9721" status="PASS">
          <reporter-output>
            <line>
              <![CDATA[AfyaAfya Page  is sucessgully displayed]]>
            </line>
          </reporter-output>
        </test-method> <!-- configBc -->
        <test-method signature="loginPageTest()[pri:0, instance:com.niveus.LoginTest@727803de]" started-at="2020-10-28T10:05:19 IST" name="loginPageTest" finished-at="2020-10-28T10:05:21 IST" duration-ms="2022" status="PASS">
          <reporter-output>
            <line>
              <![CDATA[Login Testcase is runnng..........]]>
            </line>
            <line>
              <![CDATA[Login page is sucessfully displayed]]>
            </line>
            <line>
              <![CDATA[sucessfully loged in and Home page is displayed]]>
            </line>
            <line>
              <![CDATA[Login TestCase is sucessfully done ############################# TEST IS PASS]]>
            </line>
          </reporter-output>
        </test-method> <!-- loginPageTest -->
        <test-method is-config="true" signature="getResult(org.testng.ITestResult)[pri:0, instance:com.niveus.LoginTest@727803de]" started-at="2020-10-28T10:05:21 IST" name="getResult" finished-at="2020-10-28T10:05:21 IST" duration-ms="75" status="PASS">
          <params>
            <param index="0">
              <value>
                <![CDATA[[TestResult name=loginPageTest status=SUCCESS method=LoginTest.loginPageTest()[pri:0, instance:com.niveus.LoginTest@727803de] output=Login Testcase is runnng..........]]]>
              </value>
            </param>
          </params>
          <reporter-output>
          </reporter-output>
        </test-method> <!-- getResult -->
      </class> <!-- com.niveus.LoginTest -->
      <class name="com.niveus.MediaFileTest">
        <test-method is-config="true" signature="configBc()[pri:0, instance:com.niveus.MediaFileTest@4c762604]" started-at="2020-10-28T10:03:40 IST" name="configBc" finished-at="2020-10-28T10:03:50 IST" duration-ms="9055" status="PASS">
          <reporter-output>
            <line>
              <![CDATA[AfyaAfya Page  is sucessgully displayed]]>
            </line>
          </reporter-output>
        </test-method> <!-- configBc -->
        <test-method signature="mediaFileValidation()[pri:0, instance:com.niveus.MediaFileTest@4c762604]" started-at="2020-10-28T10:03:50 IST" name="mediaFileValidation" finished-at="2020-10-28T10:04:31 IST" duration-ms="40966" status="PASS">
          <reporter-output>
            <line>
              <![CDATA[MediaFile Testcase is runnng..........]]>
            </line>
            <line>
              <![CDATA[Login page is sucessfully displayed]]>
            </line>
            <line>
              <![CDATA[Submitter Provider role is selected]]>
            </line>
            <line>
              <![CDATA[sucessfully loged in and Home page is displayed]]>
            </line>
            <line>
              <![CDATA[Chat session is sucessfully  displayed in the landing page]]>
            </line>
            <line>
              <![CDATA[Media File Test   step ....1]]>
            </line>
            <line>
              <![CDATA[Media File Test   step ....2]]>
            </line>
            <line>
              <![CDATA[Media File Test   step ....3]]>
            </line>
            <line>
              <![CDATA[file has been successfully uploaded. sucessfully updated]]>
            </line>
            <line>
              <![CDATA[Media File Test   step ....4]]>
            </line>
            <line>
              <![CDATA[media file is sucessfully displayed]]>
            </line>
            <line>
              <![CDATA[MediaFileTest TestCase is sucessfully done ################################################## TEST IS PASS]]>
            </line>
          </reporter-output>
        </test-method> <!-- mediaFileValidation -->
        <test-method is-config="true" signature="getResult(org.testng.ITestResult)[pri:0, instance:com.niveus.MediaFileTest@4c762604]" started-at="2020-10-28T10:04:31 IST" name="getResult" finished-at="2020-10-28T10:04:31 IST" duration-ms="175" status="PASS">
          <params>
            <param index="0">
              <value>
                <![CDATA[[TestResult name=mediaFileValidation status=SUCCESS method=MediaFileTest.mediaFileValidation()[pri:0, instance:com.niveus.MediaFileTest@4c762604] output=MediaFile Testcase is runnng..........]]]>
              </value>
            </param>
          </params>
          <reporter-output>
          </reporter-output>
        </test-method> <!-- getResult -->
      </class> <!-- com.niveus.MediaFileTest -->
      <class name="com.niveus.ResponderStatusTest">
        <test-method is-config="true" signature="configBc()[pri:0, instance:com.niveus.ResponderStatusTest@77846d2c]" started-at="2020-10-28T10:00:43 IST" name="configBc" finished-at="2020-10-28T10:00:53 IST" duration-ms="9908" status="PASS">
          <reporter-output>
            <line>
              <![CDATA[AfyaAfya Page  is sucessgully displayed]]>
            </line>
          </reporter-output>
        </test-method> <!-- configBc -->
        <test-method signature="statusValidation()[pri:0, instance:com.niveus.ResponderStatusTest@77846d2c]" started-at="2020-10-28T10:00:53 IST" name="statusValidation" finished-at="2020-10-28T10:03:05 IST" duration-ms="132275" status="FAIL">
          <exception class="org.openqa.selenium.TimeoutException">
            <message>
              <![CDATA[Expected condition failed: waiting for visibility of Proxy element for: DefaultElementLocator 'By.xpath: //span[contains(text(),'User status is changed to')]' (tried for 100 second(s) with 500 milliseconds interval)]]>
            </message>
            <full-stacktrace>
              <![CDATA[org.openqa.selenium.TimeoutException: Expected condition failed: waiting for visibility of Proxy element for: DefaultElementLocator 'By.xpath: //span[contains(text(),'User status is changed to')]' (tried for 100 second(s) with 500 milliseconds interval)
at org.openqa.selenium.support.ui.WebDriverWait.timeoutException(WebDriverWait.java:95)
at org.openqa.selenium.support.ui.FluentWait.until(FluentWait.java:272)
at com.niveus.ResponderStatusTest.statusValidation(ResponderStatusTest.java:99)
at java.base/jdk.internal.reflect.NativeMethodAccessorImpl.invoke0(Native Method)
at java.base/jdk.internal.reflect.NativeMethodAccessorImpl.invoke(NativeMethodAccessorImpl.java:62)
at java.base/jdk.internal.reflect.DelegatingMethodAccessorImpl.invoke(DelegatingMethodAccessorImpl.java:43)
at java.base/java.lang.reflect.Method.invoke(Method.java:566)
at org.testng.internal.MethodInvocationHelper.invokeMethod(MethodInvocationHelper.java:133)
at org.testng.internal.TestInvoker.invokeMethod(TestInvoker.java:584)
at org.testng.internal.TestInvoker.invokeTestMethod(TestInvoker.java:172)
at org.testng.internal.MethodRunner.runInSequence(MethodRunner.java:46)
at org.testng.internal.TestInvoker$MethodInvocationAgent.invoke(TestInvoker.java:804)
at org.testng.internal.TestInvoker.invokeTestMethods(TestInvoker.java:145)
at org.testng.internal.TestMethodWorker.invokeTestMethods(TestMethodWorker.java:146)
at org.testng.internal.TestMethodWorker.run(TestMethodWorker.java:128)
at java.base/java.util.ArrayList.forEach(ArrayList.java:1541)
at org.testng.TestRunner.privateRun(TestRunner.java:770)
at org.testng.TestRunner.run(TestRunner.java:591)
at org.testng.SuiteRunner.runTest(SuiteRunner.java:402)
at org.testng.SuiteRunner.runSequentially(SuiteRunner.java:396)
at org.testng.SuiteRunner.privateRun(SuiteRunner.java:355)
at org.testng.SuiteRunner.run(SuiteRunner.java:304)
at org.testng.SuiteRunnerWorker.runSuite(SuiteRunnerWorker.java:53)
at org.testng.SuiteRunnerWorker.run(SuiteRunnerWorker.java:96)
at org.testng.TestNG.runSuitesSequentially(TestNG.java:1180)
at org.testng.TestNG.runSuitesLocally(TestNG.java:1102)
at org.testng.TestNG.runSuites(TestNG.java:1032)
at org.testng.TestNG.run(TestNG.java:1000)
at org.apache.maven.surefire.testng.TestNGExecutor.run(TestNGExecutor.java:135)
at org.apache.maven.surefire.testng.TestNGDirectoryTestSuite.executeMulti(TestNGDirectoryTestSuite.java:193)
at org.apache.maven.surefire.testng.TestNGDirectoryTestSuite.execute(TestNGDirectoryTestSuite.java:94)
at org.apache.maven.surefire.testng.TestNGProvider.invoke(TestNGProvider.java:146)
at org.apache.maven.surefire.booter.ForkedBooter.invokeProviderInSameClassLoader(ForkedBooter.java:384)
at org.apache.maven.surefire.booter.ForkedBooter.runSuitesInProcess(ForkedBooter.java:345)
at org.apache.maven.surefire.booter.ForkedBooter.execute(ForkedBooter.java:126)
at org.apache.maven.surefire.booter.ForkedBooter.main(ForkedBooter.java:418)
Caused by: org.openqa.selenium.NoSuchElementException: no such element: Unable to locate element: {"method":"xpath","selector":"//span[contains(text(),'User status is changed to')]"}
  (Session info: headless chrome=85.0.4183.121)
For documentation on this error, please visit: https://www.seleniumhq.org/exceptions/no_such_element.html
Build info: version: '3.141.59', revision: 'e82be7d358', time: '2018-11-14T08:17:03'
System info: host: 'niveus-HP-EliteBook-820-G3', ip: '127.0.1.1', os.name: 'Linux', os.arch: 'amd64', os.version: '5.4.0-52-generic', java.version: '11.0.8'
Driver info: org.openqa.selenium.chrome.ChromeDriver
Capabilities {acceptInsecureCerts: true, browserName: chrome, browserVersion: 85.0.4183.121, chrome: {chromedriverVersion: 84.0.4147.30 (48b3e868b4cc0..., userDataDir: /tmp/.com.google.Chrome.r8NOJS}, goog:chromeOptions: {debuggerAddress: localhost:46309}, javascriptEnabled: true, networkConnectionEnabled: false, pageLoadStrategy: normal, platform: LINUX, platformName: LINUX, proxy: Proxy(), setWindowRect: true, strictFileInteractability: false, timeouts: {implicit: 0, pageLoad: 300000, script: 30000}, unhandledPromptBehavior: dismiss and notify, webauthn:virtualAuthenticators: true}
Session ID: 869296979c9b751bb2d61f881ab669bd
*** Element info: {Using=xpath, value=//span[contains(text(),'User status is changed to')]}
at jdk.internal.reflect.GeneratedConstructorAccessor12.newInstance(Unknown Source)
at java.base/jdk.internal.reflect.DelegatingConstructorAccessorImpl.newInstance(DelegatingConstructorAccessorImpl.java:45)
at java.base/java.lang.reflect.Constructor.newInstance(Constructor.java:490)
at org.openqa.selenium.remote.http.W3CHttpResponseCodec.createException(W3CHttpResponseCodec.java:187)
at org.openqa.selenium.remote.http.W3CHttpResponseCodec.decode(W3CHttpResponseCodec.java:122)
at org.openqa.selenium.remote.http.W3CHttpResponseCodec.decode(W3CHttpResponseCodec.java:49)
at org.openqa.selenium.remote.HttpCommandExecutor.execute(HttpCommandExecutor.java:158)
at org.openqa.selenium.remote.service.DriverCommandExecutor.execute(DriverCommandExecutor.java:83)
at org.openqa.selenium.remote.RemoteWebDriver.execute(RemoteWebDriver.java:552)
at org.openqa.selenium.remote.RemoteWebDriver.findElement(RemoteWebDriver.java:323)
at org.openqa.selenium.remote.RemoteWebDriver.findElementByXPath(RemoteWebDriver.java:428)
at org.openqa.selenium.By$ByXPath.findElement(By.java:353)
at org.openqa.selenium.remote.RemoteWebDriver.findElement(RemoteWebDriver.java:315)
at org.openqa.selenium.support.pagefactory.DefaultElementLocator.findElement(DefaultElementLocator.java:69)
at org.openqa.selenium.support.pagefactory.internal.LocatingElementHandler.invoke(LocatingElementHandler.java:38)
at com.sun.proxy.$Proxy11.isDisplayed(Unknown Source)
at org.openqa.selenium.support.ui.ExpectedConditions.elementIfVisible(ExpectedConditions.java:314)
at org.openqa.selenium.support.ui.ExpectedConditions.access$000(ExpectedConditions.java:43)
at org.openqa.selenium.support.ui.ExpectedConditions$10.apply(ExpectedConditions.java:300)
at org.openqa.selenium.support.ui.ExpectedConditions$10.apply(ExpectedConditions.java:297)
at org.openqa.selenium.support.ui.FluentWait.until(FluentWait.java:249)
... 34 more
]]>
            </full-stacktrace>
          </exception> <!-- org.openqa.selenium.TimeoutException -->
          <reporter-output>
            <line>
              <![CDATA[Responder Status Testcase is runnng..........]]>
            </line>
            <line>
              <![CDATA[Login page is sucessfully displayed]]>
            </line>
            <line>
              <![CDATA[sucessfully loged in and Home page is displayed]]>
            </line>
            <line>
              <![CDATA[User status is changed to Chat Only]]>
            </line>
            <line>
              <![CDATA[status is sucessfully changed ]]>
            </line>
            <line>
              <![CDATA[ResponderStatus TestCase is sucessfully done ############################# TEST IS PASS]]>
            </line>
          </reporter-output>
        </test-method> <!-- statusValidation -->
        <test-method is-config="true" signature="getResult(org.testng.ITestResult)[pri:0, instance:com.niveus.ResponderStatusTest@77846d2c]" started-at="2020-10-28T10:03:05 IST" name="getResult" finished-at="2020-10-28T10:03:06 IST" duration-ms="997" status="PASS">
          <params>
            <param index="0">
              <value>
                <![CDATA[[TestResult name=statusValidation status=FAILURE method=ResponderStatusTest.statusValidation()[pri:0, instance:com.niveus.ResponderStatusTest@77846d2c] output=Responder Status Testcase is runnng..........]]]>
              </value>
            </param>
          </params>
          <reporter-output>
          </reporter-output>
        </test-method> <!-- getResult -->
      </class> <!-- com.niveus.ResponderStatusTest -->
      <class name="com.niveus.AddNewPatientTest">
        <test-method is-config="true" signature="configBc()[pri:0, instance:com.niveus.AddNewPatientTest@df27fae]" started-at="2020-10-28T10:05:59 IST" name="configBc" finished-at="2020-10-28T10:06:06 IST" duration-ms="6986" status="PASS">
          <reporter-output>
            <line>
              <![CDATA[AfyaAfya Page  is sucessgully displayed]]>
            </line>
          </reporter-output>
        </test-method> <!-- configBc -->
        <test-method signature="addNewPatientTest()[pri:0, instance:com.niveus.AddNewPatientTest@df27fae]" started-at="2020-10-28T10:06:06 IST" name="addNewPatientTest" finished-at="2020-10-28T10:07:19 IST" duration-ms="72346" status="FAIL">
          <exception class="org.openqa.selenium.TimeoutException">
            <message>
              <![CDATA[Expected condition failed: waiting for element to be clickable: Proxy element for: DefaultElementLocator 'By.xpath: //span[text()=' NEW']/..' (tried for 50 second(s) with 500 milliseconds interval)]]>
            </message>
            <full-stacktrace>
              <![CDATA[org.openqa.selenium.TimeoutException: Expected condition failed: waiting for element to be clickable: Proxy element for: DefaultElementLocator 'By.xpath: //span[text()=' NEW']/..' (tried for 50 second(s) with 500 milliseconds interval)
at org.openqa.selenium.support.ui.WebDriverWait.timeoutException(WebDriverWait.java:95)
at org.openqa.selenium.support.ui.FluentWait.until(FluentWait.java:272)
at com.niveus.AddNewPatientTest.addNewPatientTest(AddNewPatientTest.java:69)
at java.base/jdk.internal.reflect.NativeMethodAccessorImpl.invoke0(Native Method)
at java.base/jdk.internal.reflect.NativeMethodAccessorImpl.invoke(NativeMethodAccessorImpl.java:62)
at java.base/jdk.internal.reflect.DelegatingMethodAccessorImpl.invoke(DelegatingMethodAccessorImpl.java:43)
at java.base/java.lang.reflect.Method.invoke(Method.java:566)
at org.testng.internal.MethodInvocationHelper.invokeMethod(MethodInvocationHelper.java:133)
at org.testng.internal.TestInvoker.invokeMethod(TestInvoker.java:584)
at org.testng.internal.TestInvoker.invokeTestMethod(TestInvoker.java:172)
at org.testng.internal.MethodRunner.runInSequence(MethodRunner.java:46)
at org.testng.internal.TestInvoker$MethodInvocationAgent.invoke(TestInvoker.java:804)
at org.testng.internal.TestInvoker.invokeTestMethods(TestInvoker.java:145)
at org.testng.internal.TestMethodWorker.invokeTestMethods(TestMethodWorker.java:146)
at org.testng.internal.TestMethodWorker.run(TestMethodWorker.java:128)
at java.base/java.util.ArrayList.forEach(ArrayList.java:1541)
at org.testng.TestRunner.privateRun(TestRunner.java:770)
at org.testng.TestRunner.run(TestRunner.java:591)
at org.testng.SuiteRunner.runTest(SuiteRunner.java:402)
at org.testng.SuiteRunner.runSequentially(SuiteRunner.java:396)
at org.testng.SuiteRunner.privateRun(SuiteRunner.java:355)
at org.testng.SuiteRunner.run(SuiteRunner.java:304)
at org.testng.SuiteRunnerWorker.runSuite(SuiteRunnerWorker.java:53)
at org.testng.SuiteRunnerWorker.run(SuiteRunnerWorker.java:96)
at org.testng.TestNG.runSuitesSequentially(TestNG.java:1180)
at org.testng.TestNG.runSuitesLocally(TestNG.java:1102)
at org.testng.TestNG.runSuites(TestNG.java:1032)
at org.testng.TestNG.run(TestNG.java:1000)
at org.apache.maven.surefire.testng.TestNGExecutor.run(TestNGExecutor.java:135)
at org.apache.maven.surefire.testng.TestNGDirectoryTestSuite.executeMulti(TestNGDirectoryTestSuite.java:193)
at org.apache.maven.surefire.testng.TestNGDirectoryTestSuite.execute(TestNGDirectoryTestSuite.java:94)
at org.apache.maven.surefire.testng.TestNGProvider.invoke(TestNGProvider.java:146)
at org.apache.maven.surefire.booter.ForkedBooter.invokeProviderInSameClassLoader(ForkedBooter.java:384)
at org.apache.maven.surefire.booter.ForkedBooter.runSuitesInProcess(ForkedBooter.java:345)
at org.apache.maven.surefire.booter.ForkedBooter.execute(ForkedBooter.java:126)
at org.apache.maven.surefire.booter.ForkedBooter.main(ForkedBooter.java:418)
Caused by: org.openqa.selenium.NoSuchElementException: no such element: Unable to locate element: {"method":"xpath","selector":"//span[text()=' NEW']/.."}
  (Session info: headless chrome=85.0.4183.121)
For documentation on this error, please visit: https://www.seleniumhq.org/exceptions/no_such_element.html
Build info: version: '3.141.59', revision: 'e82be7d358', time: '2018-11-14T08:17:03'
System info: host: 'niveus-HP-EliteBook-820-G3', ip: '127.0.1.1', os.name: 'Linux', os.arch: 'amd64', os.version: '5.4.0-52-generic', java.version: '11.0.8'
Driver info: org.openqa.selenium.chrome.ChromeDriver
Capabilities {acceptInsecureCerts: true, browserName: chrome, browserVersion: 85.0.4183.121, chrome: {chromedriverVersion: 84.0.4147.30 (48b3e868b4cc0..., userDataDir: /tmp/.com.google.Chrome.8J1NJi}, goog:chromeOptions: {debuggerAddress: localhost:38855}, javascriptEnabled: true, networkConnectionEnabled: false, pageLoadStrategy: normal, platform: LINUX, platformName: LINUX, proxy: Proxy(), setWindowRect: true, strictFileInteractability: false, timeouts: {implicit: 0, pageLoad: 300000, script: 30000}, unhandledPromptBehavior: dismiss and notify, webauthn:virtualAuthenticators: true}
Session ID: 2449d8ac12b7bb764c93b5f09a797e35
*** Element info: {Using=xpath, value=//span[text()=' NEW']/..}
at jdk.internal.reflect.GeneratedConstructorAccessor12.newInstance(Unknown Source)
at java.base/jdk.internal.reflect.DelegatingConstructorAccessorImpl.newInstance(DelegatingConstructorAccessorImpl.java:45)
at java.base/java.lang.reflect.Constructor.newInstance(Constructor.java:490)
at org.openqa.selenium.remote.http.W3CHttpResponseCodec.createException(W3CHttpResponseCodec.java:187)
at org.openqa.selenium.remote.http.W3CHttpResponseCodec.decode(W3CHttpResponseCodec.java:122)
at org.openqa.selenium.remote.http.W3CHttpResponseCodec.decode(W3CHttpResponseCodec.java:49)
at org.openqa.selenium.remote.HttpCommandExecutor.execute(HttpCommandExecutor.java:158)
at org.openqa.selenium.remote.service.DriverCommandExecutor.execute(DriverCommandExecutor.java:83)
at org.openqa.selenium.remote.RemoteWebDriver.execute(RemoteWebDriver.java:552)
at org.openqa.selenium.remote.RemoteWebDriver.findElement(RemoteWebDriver.java:323)
at org.openqa.selenium.remote.RemoteWebDriver.findElementByXPath(RemoteWebDriver.java:428)
at org.openqa.selenium.By$ByXPath.findElement(By.java:353)
at org.openqa.selenium.remote.RemoteWebDriver.findElement(RemoteWebDriver.java:315)
at org.openqa.selenium.support.pagefactory.DefaultElementLocator.findElement(DefaultElementLocator.java:69)
at org.openqa.selenium.support.pagefactory.internal.LocatingElementHandler.invoke(LocatingElementHandler.java:38)
at com.sun.proxy.$Proxy11.isDisplayed(Unknown Source)
at org.openqa.selenium.support.ui.ExpectedConditions.elementIfVisible(ExpectedConditions.java:314)
at org.openqa.selenium.support.ui.ExpectedConditions.access$000(ExpectedConditions.java:43)
at org.openqa.selenium.support.ui.ExpectedConditions$10.apply(ExpectedConditions.java:300)
at org.openqa.selenium.support.ui.ExpectedConditions$10.apply(ExpectedConditions.java:297)
at org.openqa.selenium.support.ui.ExpectedConditions$23.apply(ExpectedConditions.java:670)
at org.openqa.selenium.support.ui.ExpectedConditions$23.apply(ExpectedConditions.java:666)
at org.openqa.selenium.support.ui.FluentWait.until(FluentWait.java:249)
... 34 more
]]>
            </full-stacktrace>
          </exception> <!-- org.openqa.selenium.TimeoutException -->
          <reporter-output>
            <line>
              <![CDATA[Addnewpatient testcase is running.............############]]>
            </line>
          </reporter-output>
        </test-method> <!-- addNewPatientTest -->
        <test-method is-config="true" signature="getResult(org.testng.ITestResult)[pri:0, instance:com.niveus.AddNewPatientTest@df27fae]" started-at="2020-10-28T10:07:19 IST" name="getResult" finished-at="2020-10-28T10:07:19 IST" duration-ms="811" status="PASS">
          <params>
            <param index="0">
              <value>
                <![CDATA[[TestResult name=addNewPatientTest status=FAILURE method=AddNewPatientTest.addNewPatientTest()[pri:0, instance:com.niveus.AddNewPatientTest@df27fae] output=Addnewpatient testcase is running.............############]]]>
              </value>
            </param>
          </params>
          <reporter-output>
          </reporter-output>
        </test-method> <!-- getResult -->
      </class> <!-- com.niveus.AddNewPatientTest -->
      <class name="com.niveus.AssigningDoctorTest">
        <test-method is-config="true" signature="setUp()[pri:0, instance:com.niveus.AssigningDoctorTest@646007f4]" started-at="2020-10-28T09:56:08 IST" name="setUp" finished-at="2020-10-28T09:56:09 IST" duration-ms="253" status="PASS">
          <reporter-output>
          </reporter-output>
        </test-method> <!-- setUp -->
        <test-method is-config="true" signature="configBc()[pri:0, instance:com.niveus.AssigningDoctorTest@646007f4]" started-at="2020-10-28T09:56:09 IST" name="configBc" finished-at="2020-10-28T09:56:20 IST" duration-ms="11491" status="PASS">
          <reporter-output>
            <line>
              <![CDATA[AfyaAfya Page  is sucessgully displayed]]>
            </line>
          </reporter-output>
        </test-method> <!-- configBc -->
        <test-method signature="assigningDoctorTest()[pri:0, instance:com.niveus.AssigningDoctorTest@646007f4]" started-at="2020-10-28T09:56:20 IST" name="assigningDoctorTest" finished-at="2020-10-28T09:56:43 IST" duration-ms="22556" status="PASS">
          <reporter-output>
            <line>
              <![CDATA[Assigining doctor Testcase is running...........]]>
            </line>
            <line>
              <![CDATA[Login page is sucessfully displayed]]>
            </line>
            <line>
              <![CDATA[sucessfully logedin and Home page is displayed]]>
            </line>
            <line>
              <![CDATA[sucessfully clicked on new button]]>
            </line>
            <line>
              <![CDATA[sucessfully specialty is seleced]]>
            </line>
            <line>
              <![CDATA[Session has been created sucessfully created]]>
            </line>
            <line>
              <![CDATA[Doctor is sucessfully added to the chat session]]>
            </line>
            <line>
              <![CDATA[DOctor is assigned to the cht session]]>
            </line>
            <line>
              <![CDATA[AssigningDoctorTest TestCase is sucessfully done ############################# TEST IS PASS]]>
            </line>
          </reporter-output>
        </test-method> <!-- assigningDoctorTest -->
        <test-method is-config="true" signature="getResult(org.testng.ITestResult)[pri:0, instance:com.niveus.AssigningDoctorTest@646007f4]" started-at="2020-10-28T09:56:43 IST" name="getResult" finished-at="2020-10-28T09:56:43 IST" duration-ms="75" status="PASS">
          <params>
            <param index="0">
              <value>
                <![CDATA[[TestResult name=assigningDoctorTest status=SUCCESS method=AssigningDoctorTest.assigningDoctorTest()[pri:0, instance:com.niveus.AssigningDoctorTest@646007f4] output=Assigining doctor Testcase is running...........]]]>
              </value>
            </param>
          </params>
          <reporter-output>
          </reporter-output>
        </test-method> <!-- getResult -->
        <test-method is-config="true" signature="flushReport()[pri:0, instance:com.niveus.AssigningDoctorTest@646007f4]" started-at="2020-10-28T10:07:22 IST" name="flushReport" finished-at="2020-10-28T10:08:21 IST" duration-ms="59689" status="PASS">
          <reporter-output>
          </reporter-output>
        </test-method> <!-- flushReport -->
      </class> <!-- com.niveus.AssigningDoctorTest -->
      <class name="com.niveus.CloseCodeTest">
        <test-method is-config="true" signature="configBc()[pri:0, instance:com.niveus.CloseCodeTest@16f7c8c1]" started-at="2020-10-28T10:07:21 IST" name="configBc" finished-at="2020-10-28T10:07:21 IST" duration-ms="860" status="PASS">
          <reporter-output>
            <line>
              <![CDATA[Afya Page  is sucessgully displayed]]>
            </line>
          </reporter-output>
        </test-method> <!-- configBc -->
        <test-method signature="closeCodeValidationTest()[pri:0, instance:com.niveus.CloseCodeTest@16f7c8c1]" started-at="2020-10-28T10:07:21 IST" name="closeCodeValidationTest" finished-at="2020-10-28T10:07:21 IST" duration-ms="29" status="FAIL">
          <exception class="org.openqa.selenium.NoSuchElementException">
            <message>
              <![CDATA[no such element: Unable to locate element: {"method":"xpath","selector":"//button[@type='submit']"}
  (Session info: headless chrome=85.0.4183.121)
For documentation on this error, please visit: https://www.seleniumhq.org/exceptions/no_such_element.html
Build info: version: '3.141.59', revision: 'e82be7d358', time: '2018-11-14T08:17:03'
System info: host: 'niveus-HP-EliteBook-820-G3', ip: '127.0.1.1', os.name: 'Linux', os.arch: 'amd64', os.version: '5.4.0-52-generic', java.version: '11.0.8'
Driver info: org.openqa.selenium.chrome.ChromeDriver
Capabilities {acceptInsecureCerts: true, browserName: chrome, browserVersion: 85.0.4183.121, chrome: {chromedriverVersion: 84.0.4147.30 (48b3e868b4cc0..., userDataDir: /tmp/.com.google.Chrome.etKVIg}, goog:chromeOptions: {debuggerAddress: localhost:36149}, javascriptEnabled: true, networkConnectionEnabled: false, pageLoadStrategy: normal, platform: LINUX, platformName: LINUX, proxy: Proxy(), setWindowRect: true, strictFileInteractability: false, timeouts: {implicit: 0, pageLoad: 300000, script: 30000}, unhandledPromptBehavior: dismiss and notify, webauthn:virtualAuthenticators: true}
Session ID: 5110afdc47a1bd363f21e3eaa6a941af
*** Element info: {Using=xpath, value=//button[@type='submit']}]]>
            </message>
            <full-stacktrace>
              <![CDATA[org.openqa.selenium.NoSuchElementException: no such element: Unable to locate element: {"method":"xpath","selector":"//button[@type='submit']"}
  (Session info: headless chrome=85.0.4183.121)
For documentation on this error, please visit: https://www.seleniumhq.org/exceptions/no_such_element.html
Build info: version: '3.141.59', revision: 'e82be7d358', time: '2018-11-14T08:17:03'
System info: host: 'niveus-HP-EliteBook-820-G3', ip: '127.0.1.1', os.name: 'Linux', os.arch: 'amd64', os.version: '5.4.0-52-generic', java.version: '11.0.8'
Driver info: org.openqa.selenium.chrome.ChromeDriver
Capabilities {acceptInsecureCerts: true, browserName: chrome, browserVersion: 85.0.4183.121, chrome: {chromedriverVersion: 84.0.4147.30 (48b3e868b4cc0..., userDataDir: /tmp/.com.google.Chrome.etKVIg}, goog:chromeOptions: {debuggerAddress: localhost:36149}, javascriptEnabled: true, networkConnectionEnabled: false, pageLoadStrategy: normal, platform: LINUX, platformName: LINUX, proxy: Proxy(), setWindowRect: true, strictFileInteractability: false, timeouts: {implicit: 0, pageLoad: 300000, script: 30000}, unhandledPromptBehavior: dismiss and notify, webauthn:virtualAuthenticators: true}
Session ID: 5110afdc47a1bd363f21e3eaa6a941af
*** Element info: {Using=xpath, value=//button[@type='submit']}
at jdk.internal.reflect.GeneratedConstructorAccessor12.newInstance(Unknown Source)
at java.base/jdk.internal.reflect.DelegatingConstructorAccessorImpl.newInstance(DelegatingConstructorAccessorImpl.java:45)
at java.base/java.lang.reflect.Constructor.newInstance(Constructor.java:490)
at org.openqa.selenium.remote.http.W3CHttpResponseCodec.createException(W3CHttpResponseCodec.java:187)
at org.openqa.selenium.remote.http.W3CHttpResponseCodec.decode(W3CHttpResponseCodec.java:122)
at org.openqa.selenium.remote.http.W3CHttpResponseCodec.decode(W3CHttpResponseCodec.java:49)
at org.openqa.selenium.remote.HttpCommandExecutor.execute(HttpCommandExecutor.java:158)
at org.openqa.selenium.remote.service.DriverCommandExecutor.execute(DriverCommandExecutor.java:83)
at org.openqa.selenium.remote.RemoteWebDriver.execute(RemoteWebDriver.java:552)
at org.openqa.selenium.remote.RemoteWebDriver.findElement(RemoteWebDriver.java:323)
at org.openqa.selenium.remote.RemoteWebDriver.findElementByXPath(RemoteWebDriver.java:428)
at org.openqa.selenium.By$ByXPath.findElement(By.java:353)
at org.openqa.selenium.remote.RemoteWebDriver.findElement(RemoteWebDriver.java:315)
at org.openqa.selenium.support.pagefactory.DefaultElementLocator.findElement(DefaultElementLocator.java:69)
at org.openqa.selenium.support.pagefactory.internal.LocatingElementHandler.invoke(LocatingElementHandler.java:38)
at com.sun.proxy.$Proxy11.getText(Unknown Source)
at com.niveus.CloseCodeTest.closeCodeValidationTest(CloseCodeTest.java:49)
at java.base/jdk.internal.reflect.NativeMethodAccessorImpl.invoke0(Native Method)
at java.base/jdk.internal.reflect.NativeMethodAccessorImpl.invoke(NativeMethodAccessorImpl.java:62)
at java.base/jdk.internal.reflect.DelegatingMethodAccessorImpl.invoke(DelegatingMethodAccessorImpl.java:43)
at java.base/java.lang.reflect.Method.invoke(Method.java:566)
at org.testng.internal.MethodInvocationHelper.invokeMethod(MethodInvocationHelper.java:133)
at org.testng.internal.TestInvoker.invokeMethod(TestInvoker.java:584)
at org.testng.internal.TestInvoker.invokeTestMethod(TestInvoker.java:172)
at org.testng.internal.MethodRunner.runInSequence(MethodRunner.java:46)
at org.testng.internal.TestInvoker$MethodInvocationAgent.invoke(TestInvoker.java:804)
at org.testng.internal.TestInvoker.invokeTestMethods(TestInvoker.java:145)
at org.testng.internal.TestMethodWorker.invokeTestMethods(TestMethodWorker.java:146)
at org.testng.internal.TestMethodWorker.run(TestMethodWorker.java:128)
at java.base/java.util.ArrayList.forEach(ArrayList.java:1541)
at org.testng.TestRunner.privateRun(TestRunner.java:770)
at org.testng.TestRunner.run(TestRunner.java:591)
at org.testng.SuiteRunner.runTest(SuiteRunner.java:402)
at org.testng.SuiteRunner.runSequentially(SuiteRunner.java:396)
at org.testng.SuiteRunner.privateRun(SuiteRunner.java:355)
at org.testng.SuiteRunner.run(SuiteRunner.java:304)
at org.testng.SuiteRunnerWorker.runSuite(SuiteRunnerWorker.java:53)
at org.testng.SuiteRunnerWorker.run(SuiteRunnerWorker.java:96)
at org.testng.TestNG.runSuitesSequentially(TestNG.java:1180)
at org.testng.TestNG.runSuitesLocally(TestNG.java:1102)
at org.testng.TestNG.runSuites(TestNG.java:1032)
at org.testng.TestNG.run(TestNG.java:1000)
at org.apache.maven.surefire.testng.TestNGExecutor.run(TestNGExecutor.java:135)
at org.apache.maven.surefire.testng.TestNGDirectoryTestSuite.executeMulti(TestNGDirectoryTestSuite.java:193)
at org.apache.maven.surefire.testng.TestNGDirectoryTestSuite.execute(TestNGDirectoryTestSuite.java:94)
at org.apache.maven.surefire.testng.TestNGProvider.invoke(TestNGProvider.java:146)
at org.apache.maven.surefire.booter.ForkedBooter.invokeProviderInSameClassLoader(ForkedBooter.java:384)
at org.apache.maven.surefire.booter.ForkedBooter.runSuitesInProcess(ForkedBooter.java:345)
at org.apache.maven.surefire.booter.ForkedBooter.execute(ForkedBooter.java:126)
at org.apache.maven.surefire.booter.ForkedBooter.main(ForkedBooter.java:418)
]]>
            </full-stacktrace>
          </exception> <!-- org.openqa.selenium.NoSuchElementException -->
          <reporter-output>
            <line>
              <![CDATA[Closecode Testcase is runnng..........]]>
            </line>
          </reporter-output>
        </test-method> <!-- closeCodeValidationTest -->
        <test-method is-config="true" signature="getResult(org.testng.ITestResult)[pri:0, instance:com.niveus.CloseCodeTest@16f7c8c1]" started-at="2020-10-28T10:07:21 IST" name="getResult" finished-at="2020-10-28T10:07:22 IST" duration-ms="281" status="PASS">
          <params>
            <param index="0">
              <value>
                <![CDATA[[TestResult name=closeCodeValidationTest status=FAILURE method=CloseCodeTest.closeCodeValidationTest()[pri:0, instance:com.niveus.CloseCodeTest@16f7c8c1] output=Closecode Testcase is runnng..........]]]>
              </value>
            </param>
          </params>
          <reporter-output>
          </reporter-output>
        </test-method> <!-- getResult -->
      </class> <!-- com.niveus.CloseCodeTest -->
      <class name="com.niveus.UploadDocumentTest">
        <test-method is-config="true" signature="configBc()[pri:0, instance:com.niveus.UploadDocumentTest@78186a70]" started-at="2020-10-28T09:58:31 IST" name="configBc" finished-at="2020-10-28T09:58:39 IST" duration-ms="7496" status="PASS">
          <reporter-output>
            <line>
              <![CDATA[AfyaAfya Page  is sucessgully displayed]]>
            </line>
          </reporter-output>
        </test-method> <!-- configBc -->
        <test-method signature="uploadDocumentValidation()[pri:0, instance:com.niveus.UploadDocumentTest@78186a70]" started-at="2020-10-28T09:58:39 IST" name="uploadDocumentValidation" finished-at="2020-10-28T09:58:58 IST" duration-ms="19084" status="PASS">
          <reporter-output>
            <line>
              <![CDATA[UploadDocument Testcase is runnng..........]]>
            </line>
            <line>
              <![CDATA[Login page is sucessfully displayed]]>
            </line>
            <line>
              <![CDATA[Submitter Provider role is selected]]>
            </line>
            <line>
              <![CDATA[sucessfully loged in and Home page is displayed]]>
            </line>
            <line>
              <![CDATA[file has been successfully uploaded. sucessfully updated]]>
            </line>
            <line>
              <![CDATA[UploadDocument Test is sucessfully done ############################# TEST IS PASS]]>
            </line>
          </reporter-output>
        </test-method> <!-- uploadDocumentValidation -->
        <test-method is-config="true" signature="getResult(org.testng.ITestResult)[pri:0, instance:com.niveus.UploadDocumentTest@78186a70]" started-at="2020-10-28T09:58:58 IST" name="getResult" finished-at="2020-10-28T09:58:58 IST" duration-ms="1" status="PASS">
          <params>
            <param index="0">
              <value>
                <![CDATA[[TestResult name=uploadDocumentValidation status=SUCCESS method=UploadDocumentTest.uploadDocumentValidation()[pri:0, instance:com.niveus.UploadDocumentTest@78186a70] output=UploadDocument Testcase is runnng..........]]]>
              </value>
            </param>
          </params>
          <reporter-output>
          </reporter-output>
        </test-method> <!-- getResult -->
      </class> <!-- com.niveus.UploadDocumentTest -->
      <class name="com.niveus.PatientInfoTest">
        <test-method is-config="true" signature="configBc()[pri:0, instance:com.niveus.PatientInfoTest@4cf4d528]" started-at="2020-10-28T10:00:09 IST" name="configBc" finished-at="2020-10-28T10:00:17 IST" duration-ms="7863" status="PASS">
          <reporter-output>
            <line>
              <![CDATA[AfyaAfya Page  is sucessgully displayed]]>
            </line>
          </reporter-output>
        </test-method> <!-- configBc -->
        <test-method signature="patientInfoValidationTest()[pri:0, instance:com.niveus.PatientInfoTest@4cf4d528]" started-at="2020-10-28T10:00:17 IST" name="patientInfoValidationTest" finished-at="2020-10-28T10:00:43 IST" duration-ms="26204" status="PASS">
          <reporter-output>
            <line>
              <![CDATA[PatientInfo Testcase is runnng..........]]>
            </line>
            <line>
              <![CDATA[Login page is sucessfully displayed]]>
            </line>
            <line>
              <![CDATA[Submitter Provider role is selected]]>
            </line>
            <line>
              <![CDATA[sucessfully loged in and Home page is displayed]]>
            </line>
            <line>
              <![CDATA[Patient Info  Test   step ....1]]>
            </line>
            <line>
              <![CDATA[sucessfully icd code is selected.................##########]]>
            </line>
            <line>
              <![CDATA[Patient Info  Test   step ....2]]>
            </line>
            <line>
              <![CDATA[Patient Info  Test   step ....3]]>
            </line>
            <line>
              <![CDATA[Patient Info  Test   step ....4]]>
            </line>
            <line>
              <![CDATA[Doctor is sucessfully added to the cht session]]>
            </line>
            <line>
              <![CDATA[DOctor is assigned to the cht session]]>
            </line>
            <line>
              <![CDATA[Patien  is sucessgully added to the chat session]]>
            </line>
            <line>
              <![CDATA[Doctor is sucessfully added to the cht session]]>
            </line>
            <line>
              <![CDATA[DOctor is assigned to the cht session]]>
            </line>
            <line>
              <![CDATA[Patien  is sucessgully added to the chat session]]>
            </line>
            <line>
              <![CDATA[Doctor is sucessfully added to the cht session]]>
            </line>
            <line>
              <![CDATA[DOctor is assigned to the cht session]]>
            </line>
            <line>
              <![CDATA[Patien  is sucessgully added to the chat session]]>
            </line>
            <line>
              <![CDATA[Patien Info   Test   step ....5]]>
            </line>
            <line>
              <![CDATA[Patient Details
Close
Name:
Prasanna Helo
Chief:
Have A Knee Pain In Leg
Dob:
11-11-1998
Gender:
Female
Year:
21 Years Old
Mobile:
917022912986
Email:
prasanna@gmail.com
Icd:
I11.0 Hypertensive Heart Disease With Heart Failure
Cpt: sucess]]>
            </line>
            <line>
              <![CDATA[patient name is displayed  sucesssfully]]>
            </line>
            <line>
              <![CDATA[patient date of birth  is displayed  sucesssfully]]>
            </line>
            <line>
              <![CDATA[patient year  is displayed  sucesssfully]]>
            </line>
            <line>
              <![CDATA[PatientInfoTest TestCase is sucessfully done ################################################## TEST IS PASS]]>
            </line>
          </reporter-output>
        </test-method> <!-- patientInfoValidationTest -->
        <test-method is-config="true" signature="getResult(org.testng.ITestResult)[pri:0, instance:com.niveus.PatientInfoTest@4cf4d528]" started-at="2020-10-28T10:00:43 IST" name="getResult" finished-at="2020-10-28T10:00:43 IST" duration-ms="117" status="PASS">
          <params>
            <param index="0">
              <value>
                <![CDATA[[TestResult name=patientInfoValidationTest status=SUCCESS method=PatientInfoTest.patientInfoValidationTest()[pri:0, instance:com.niveus.PatientInfoTest@4cf4d528] output=PatientInfo Testcase is runnng..........]]]>
              </value>
            </param>
          </params>
          <reporter-output>
          </reporter-output>
        </test-method> <!-- getResult -->
      </class> <!-- com.niveus.PatientInfoTest -->
      <class name="com.niveus.ParticipantTest">
        <test-method is-config="true" signature="configBc()[pri:0, instance:com.niveus.ParticipantTest@306279ee]" started-at="2020-10-28T09:58:58 IST" name="configBc" finished-at="2020-10-28T09:59:07 IST" duration-ms="8919" status="PASS">
          <reporter-output>
            <line>
              <![CDATA[AfyaAfya Page  is sucessgully displayed]]>
            </line>
          </reporter-output>
        </test-method> <!-- configBc -->
        <test-method signature="participantValidationTest()[pri:0, instance:com.niveus.ParticipantTest@306279ee]" started-at="2020-10-28T09:59:07 IST" name="participantValidationTest" finished-at="2020-10-28T09:59:41 IST" duration-ms="34175" status="PASS">
          <reporter-output>
            <line>
              <![CDATA[Participant Testcase is runnng..........]]>
            </line>
            <line>
              <![CDATA[Login page is sucessfully displayed]]>
            </line>
            <line>
              <![CDATA[Submitter Provider role is selected]]>
            </line>
            <line>
              <![CDATA[sucessfully loged in and Home page is displayed]]>
            </line>
            <line>
              <![CDATA[Full Access sucess]]>
            </line>
            <line>
              <![CDATA[ParticipantTest TestCase is sucessfully done ################################################## TEST IS PASS]]>
            </line>
          </reporter-output>
        </test-method> <!-- participantValidationTest -->
        <test-method is-config="true" signature="getResult(org.testng.ITestResult)[pri:0, instance:com.niveus.ParticipantTest@306279ee]" started-at="2020-10-28T09:59:41 IST" name="getResult" finished-at="2020-10-28T09:59:41 IST" duration-ms="120" status="PASS">
          <params>
            <param index="0">
              <value>
                <![CDATA[[TestResult name=participantValidationTest status=SUCCESS method=ParticipantTest.participantValidationTest()[pri:0, instance:com.niveus.ParticipantTest@306279ee] output=Participant Testcase is runnng..........]]]>
              </value>
            </param>
          </params>
          <reporter-output>
          </reporter-output>
        </test-method> <!-- getResult -->
      </class> <!-- com.niveus.ParticipantTest -->
      <class name="com.niveus.FilterTest">
        <test-method is-config="true" signature="configBc()[pri:0, instance:com.niveus.FilterTest@2641e737]" started-at="2020-10-28T10:04:31 IST" name="configBc" finished-at="2020-10-28T10:04:36 IST" duration-ms="5116" status="PASS">
          <reporter-output>
            <line>
              <![CDATA[AfyaAfya Page  is sucessgully displayed]]>
            </line>
          </reporter-output>
        </test-method> <!-- configBc -->
        <test-method signature="filterValidationTest()[pri:0, instance:com.niveus.FilterTest@2641e737]" started-at="2020-10-28T10:04:36 IST" name="filterValidationTest" finished-at="2020-10-28T10:05:08 IST" duration-ms="32356" status="FAIL">
          <exception class="org.openqa.selenium.NoSuchElementException">
            <message>
              <![CDATA[no such element: Unable to locate element: {"method":"xpath","selector":"//span[@aria-label='filter']"}
  (Session info: headless chrome=85.0.4183.121)
For documentation on this error, please visit: https://www.seleniumhq.org/exceptions/no_such_element.html
Build info: version: '3.141.59', revision: 'e82be7d358', time: '2018-11-14T08:17:03'
System info: host: 'niveus-HP-EliteBook-820-G3', ip: '127.0.1.1', os.name: 'Linux', os.arch: 'amd64', os.version: '5.4.0-52-generic', java.version: '11.0.8'
Driver info: org.openqa.selenium.chrome.ChromeDriver
Capabilities {acceptInsecureCerts: true, browserName: chrome, browserVersion: 85.0.4183.121, chrome: {chromedriverVersion: 84.0.4147.30 (48b3e868b4cc0..., userDataDir: /tmp/.com.google.Chrome.dSOJwM}, goog:chromeOptions: {debuggerAddress: localhost:45449}, javascriptEnabled: true, networkConnectionEnabled: false, pageLoadStrategy: normal, platform: LINUX, platformName: LINUX, proxy: Proxy(), setWindowRect: true, strictFileInteractability: false, timeouts: {implicit: 0, pageLoad: 300000, script: 30000}, unhandledPromptBehavior: dismiss and notify, webauthn:virtualAuthenticators: true}
Session ID: d7851a2c5dbabc42922f32545cc5040d
*** Element info: {Using=xpath, value=//span[@aria-label='filter']}]]>
            </message>
            <full-stacktrace>
              <![CDATA[org.openqa.selenium.NoSuchElementException: no such element: Unable to locate element: {"method":"xpath","selector":"//span[@aria-label='filter']"}
  (Session info: headless chrome=85.0.4183.121)
For documentation on this error, please visit: https://www.seleniumhq.org/exceptions/no_such_element.html
Build info: version: '3.141.59', revision: 'e82be7d358', time: '2018-11-14T08:17:03'
System info: host: 'niveus-HP-EliteBook-820-G3', ip: '127.0.1.1', os.name: 'Linux', os.arch: 'amd64', os.version: '5.4.0-52-generic', java.version: '11.0.8'
Driver info: org.openqa.selenium.chrome.ChromeDriver
Capabilities {acceptInsecureCerts: true, browserName: chrome, browserVersion: 85.0.4183.121, chrome: {chromedriverVersion: 84.0.4147.30 (48b3e868b4cc0..., userDataDir: /tmp/.com.google.Chrome.dSOJwM}, goog:chromeOptions: {debuggerAddress: localhost:45449}, javascriptEnabled: true, networkConnectionEnabled: false, pageLoadStrategy: normal, platform: LINUX, platformName: LINUX, proxy: Proxy(), setWindowRect: true, strictFileInteractability: false, timeouts: {implicit: 0, pageLoad: 300000, script: 30000}, unhandledPromptBehavior: dismiss and notify, webauthn:virtualAuthenticators: true}
Session ID: d7851a2c5dbabc42922f32545cc5040d
*** Element info: {Using=xpath, value=//span[@aria-label='filter']}
at jdk.internal.reflect.GeneratedConstructorAccessor12.newInstance(Unknown Source)
at java.base/jdk.internal.reflect.DelegatingConstructorAccessorImpl.newInstance(DelegatingConstructorAccessorImpl.java:45)
at java.base/java.lang.reflect.Constructor.newInstance(Constructor.java:490)
at org.openqa.selenium.remote.http.W3CHttpResponseCodec.createException(W3CHttpResponseCodec.java:187)
at org.openqa.selenium.remote.http.W3CHttpResponseCodec.decode(W3CHttpResponseCodec.java:122)
at org.openqa.selenium.remote.http.W3CHttpResponseCodec.decode(W3CHttpResponseCodec.java:49)
at org.openqa.selenium.remote.HttpCommandExecutor.execute(HttpCommandExecutor.java:158)
at org.openqa.selenium.remote.service.DriverCommandExecutor.execute(DriverCommandExecutor.java:83)
at org.openqa.selenium.remote.RemoteWebDriver.execute(RemoteWebDriver.java:552)
at org.openqa.selenium.remote.RemoteWebDriver.findElement(RemoteWebDriver.java:323)
at org.openqa.selenium.remote.RemoteWebDriver.findElementByXPath(RemoteWebDriver.java:428)
at org.openqa.selenium.By$ByXPath.findElement(By.java:353)
at org.openqa.selenium.remote.RemoteWebDriver.findElement(RemoteWebDriver.java:315)
at org.openqa.selenium.support.pagefactory.DefaultElementLocator.findElement(DefaultElementLocator.java:69)
at org.openqa.selenium.support.pagefactory.internal.LocatingElementHandler.invoke(LocatingElementHandler.java:38)
at com.sun.proxy.$Proxy11.click(Unknown Source)
at com.niveus.FilterTest.filterValidationTest(FilterTest.java:128)
at java.base/jdk.internal.reflect.NativeMethodAccessorImpl.invoke0(Native Method)
at java.base/jdk.internal.reflect.NativeMethodAccessorImpl.invoke(NativeMethodAccessorImpl.java:62)
at java.base/jdk.internal.reflect.DelegatingMethodAccessorImpl.invoke(DelegatingMethodAccessorImpl.java:43)
at java.base/java.lang.reflect.Method.invoke(Method.java:566)
at org.testng.internal.MethodInvocationHelper.invokeMethod(MethodInvocationHelper.java:133)
at org.testng.internal.TestInvoker.invokeMethod(TestInvoker.java:584)
at org.testng.internal.TestInvoker.invokeTestMethod(TestInvoker.java:172)
at org.testng.internal.MethodRunner.runInSequence(MethodRunner.java:46)
at org.testng.internal.TestInvoker$MethodInvocationAgent.invoke(TestInvoker.java:804)
at org.testng.internal.TestInvoker.invokeTestMethods(TestInvoker.java:145)
at org.testng.internal.TestMethodWorker.invokeTestMethods(TestMethodWorker.java:146)
at org.testng.internal.TestMethodWorker.run(TestMethodWorker.java:128)
at java.base/java.util.ArrayList.forEach(ArrayList.java:1541)
at org.testng.TestRunner.privateRun(TestRunner.java:770)
at org.testng.TestRunner.run(TestRunner.java:591)
at org.testng.SuiteRunner.runTest(SuiteRunner.java:402)
at org.testng.SuiteRunner.runSequentially(SuiteRunner.java:396)
at org.testng.SuiteRunner.privateRun(SuiteRunner.java:355)
at org.testng.SuiteRunner.run(SuiteRunner.java:304)
at org.testng.SuiteRunnerWorker.runSuite(SuiteRunnerWorker.java:53)
at org.testng.SuiteRunnerWorker.run(SuiteRunnerWorker.java:96)
at org.testng.TestNG.runSuitesSequentially(TestNG.java:1180)
at org.testng.TestNG.runSuitesLocally(TestNG.java:1102)
at org.testng.TestNG.runSuites(TestNG.java:1032)
at org.testng.TestNG.run(TestNG.java:1000)
at org.apache.maven.surefire.testng.TestNGExecutor.run(TestNGExecutor.java:135)
at org.apache.maven.surefire.testng.TestNGDirectoryTestSuite.executeMulti(TestNGDirectoryTestSuite.java:193)
at org.apache.maven.surefire.testng.TestNGDirectoryTestSuite.execute(TestNGDirectoryTestSuite.java:94)
at org.apache.maven.surefire.testng.TestNGProvider.invoke(TestNGProvider.java:146)
at org.apache.maven.surefire.booter.ForkedBooter.invokeProviderInSameClassLoader(ForkedBooter.java:384)
at org.apache.maven.surefire.booter.ForkedBooter.runSuitesInProcess(ForkedBooter.java:345)
at org.apache.maven.surefire.booter.ForkedBooter.execute(ForkedBooter.java:126)
at org.apache.maven.surefire.booter.ForkedBooter.main(ForkedBooter.java:418)
]]>
            </full-stacktrace>
          </exception> <!-- org.openqa.selenium.NoSuchElementException -->
          <reporter-output>
            <line>
              <![CDATA[FilterTest Testcase is runnng..........]]>
            </line>
            <line>
              <![CDATA[Login page is sucessfully displayed]]>
            </line>
            <line>
              <![CDATA[sucessfully logedin and Home page is displayed]]>
            </line>
          </reporter-output>
        </test-method> <!-- filterValidationTest -->
        <test-method is-config="true" signature="getResult(org.testng.ITestResult)[pri:0, instance:com.niveus.FilterTest@2641e737]" started-at="2020-10-28T10:05:08 IST" name="getResult" finished-at="2020-10-28T10:05:09 IST" duration-ms="927" status="PASS">
          <params>
            <param index="0">
              <value>
                <![CDATA[[TestResult name=filterValidationTest status=FAILURE method=FilterTest.filterValidationTest()[pri:0, instance:com.niveus.FilterTest@2641e737] output=FilterTest Testcase is runnng..........]]]>
              </value>
            </param>
          </params>
          <reporter-output>
          </reporter-output>
        </test-method> <!-- getResult -->
      </class> <!-- com.niveus.FilterTest -->
      <class name="com.niveus.AddSpecialityTest">
        <test-method is-config="true" signature="configBc()[pri:0, instance:com.niveus.AddSpecialityTest@545997b1]" started-at="2020-10-28T09:59:41 IST" name="configBc" finished-at="2020-10-28T09:59:48 IST" duration-ms="6851" status="PASS">
          <reporter-output>
            <line>
              <![CDATA[AfyaAfya Page  is sucessgully displayed]]>
            </line>
          </reporter-output>
        </test-method> <!-- configBc -->
        <test-method signature="addspecialityValidationTest()[pri:0, instance:com.niveus.AddSpecialityTest@545997b1]" started-at="2020-10-28T09:59:48 IST" name="addspecialityValidationTest" finished-at="2020-10-28T10:00:09 IST" duration-ms="21022" status="PASS">
          <reporter-output>
            <line>
              <![CDATA[AddSpecialty testcase is running...........]]>
            </line>
            <line>
              <![CDATA[Login page is sucessfully displayed]]>
            </line>
            <line>
              <![CDATA[Submitter Provider role is selected]]>
            </line>
            <line>
              <![CDATA[sucessfully loged in and Home page is displayed]]>
            </line>
            <line>
              <![CDATA[chat session is sucessfully displayed in Add specialty..>>>>>>>>>>>]]>
            </line>
            <line>
              <![CDATA[Speciality list is displaying sucessfully]]>
            </line>
            <line>
              <![CDATA[Doctor is sucessfully added to the chat session]]>
            </line>
            <line>
              <![CDATA[AddSpeciality TestCase is sucessfully done ############################# TEST IS PASS]]>
            </line>
          </reporter-output>
        </test-method> <!-- addspecialityValidationTest -->
        <test-method is-config="true" signature="getResult(org.testng.ITestResult)[pri:0, instance:com.niveus.AddSpecialityTest@545997b1]" started-at="2020-10-28T10:00:09 IST" name="getResult" finished-at="2020-10-28T10:00:09 IST" duration-ms="117" status="PASS">
          <params>
            <param index="0">
              <value>
                <![CDATA[[TestResult name=addspecialityValidationTest status=SUCCESS method=AddSpecialityTest.addspecialityValidationTest()[pri:0, instance:com.niveus.AddSpecialityTest@545997b1] output=AddSpecialty testcase is running...........]]]>
              </value>
            </param>
          </params>
          <reporter-output>
          </reporter-output>
        </test-method> <!-- getResult -->
      </class> <!-- com.niveus.AddSpecialityTest -->
      <class name="com.niveus.ProfileUpadateTest">
        <test-method is-config="true" signature="configBc()[pri:0, instance:com.niveus.ProfileUpadateTest@548ad73b]" started-at="2020-10-28T10:03:06 IST" name="configBc" finished-at="2020-10-28T10:03:26 IST" duration-ms="19239" status="PASS">
          <reporter-output>
            <line>
              <![CDATA[AfyaAfya Page  is sucessgully displayed]]>
            </line>
          </reporter-output>
        </test-method> <!-- configBc -->
        <test-method signature="updateProfileInformation()[pri:0, instance:com.niveus.ProfileUpadateTest@548ad73b]" started-at="2020-10-28T10:03:26 IST" name="updateProfileInformation" finished-at="2020-10-28T10:03:40 IST" duration-ms="14886" status="PASS">
          <reporter-output>
            <line>
              <![CDATA[ProfileUpdate Testcase is runnng..........]]>
            </line>
            <line>
              <![CDATA[Login page is sucessfully displayed]]>
            </line>
            <line>
              <![CDATA[sucessfully loged in and Home page is displayed]]>
            </line>
            <line>
              <![CDATA[Profile ingormation is sucessfully updated]]>
            </line>
            <line>
              <![CDATA[ProfileUpdateTest TestCase is sucessfully done ############################# TEST IS PASS]]>
            </line>
          </reporter-output>
        </test-method> <!-- updateProfileInformation -->
        <test-method is-config="true" signature="getResult(org.testng.ITestResult)[pri:0, instance:com.niveus.ProfileUpadateTest@548ad73b]" started-at="2020-10-28T10:03:40 IST" name="getResult" finished-at="2020-10-28T10:03:40 IST" duration-ms="67" status="PASS">
          <params>
            <param index="0">
              <value>
                <![CDATA[[TestResult name=updateProfileInformation status=SUCCESS method=ProfileUpadateTest.updateProfileInformation()[pri:0, instance:com.niveus.ProfileUpadateTest@548ad73b] output=ProfileUpdate Testcase is runnng..........]]]>
              </value>
            </param>
          </params>
          <reporter-output>
          </reporter-output>
        </test-method> <!-- getResult -->
      </class> <!-- com.niveus.ProfileUpadateTest -->
      <class name="com.niveus.ChatMemberTest">
        <test-method is-config="true" signature="configBc()[pri:0, instance:com.niveus.ChatMemberTest@704921a5]" started-at="2020-10-28T10:05:21 IST" name="configBc" finished-at="2020-10-28T10:05:33 IST" duration-ms="12350" status="PASS">
          <reporter-output>
            <line>
              <![CDATA[AfyaAfya Page  is sucessgully displayed]]>
            </line>
          </reporter-output>
        </test-method> <!-- configBc -->
        <test-method signature="chatMemeberValidation()[pri:0, instance:com.niveus.ChatMemberTest@704921a5]" started-at="2020-10-28T10:05:33 IST" name="chatMemeberValidation" finished-at="2020-10-28T10:05:59 IST" duration-ms="25986" status="PASS">
          <reporter-output>
            <line>
              <![CDATA[Chatmember Testcase is running............]]>
            </line>
            <line>
              <![CDATA[Login page is sucessfully displayed]]>
            </line>
            <line>
              <![CDATA[Submitter Provider role is selected]]>
            </line>
            <line>
              <![CDATA[sucessfully logedin and Home page is displayed]]>
            </line>
            <line>
              <![CDATA[click on the new button sucessfully......###########]]>
            </line>
            <line>
              <![CDATA[Chat Member   Test   step ....1]]>
            </line>
            <line>
              <![CDATA[sucessfully enter the speciality and chief complaint.........########]]>
            </line>
            <line>
              <![CDATA[count number...1]]>
            </line>
            <line>
              <![CDATA[Icd code is sucessfully displayed............############]]>
            </line>
            <line>
              <![CDATA[Chat Member   Test   step ....2]]>
            </line>
            <line>
              <![CDATA[Chat Member   Test   step ....3]]>
            </line>
            <line>
              <![CDATA[Chat Member   Test   step ....4]]>
            </line>
            <line>
              <![CDATA[Doctor is sucessfully added to the chat session]]>
            </line>
            <line>
              <![CDATA[Doctor is assigned to the chat session]]>
            </line>
            <line>
              <![CDATA[Patient  is sucessfully added to the chat session]]>
            </line>
            <line>
              <![CDATA[Doctor is sucessfully added to the chat session]]>
            </line>
            <line>
              <![CDATA[DOctor is assigned to the chat session]]>
            </line>
            <line>
              <![CDATA[Patient  is sucessgully added to the chat session]]>
            </line>
            <line>
              <![CDATA[Chat Member   Test   step ....5]]>
            </line>
            <line>
              <![CDATA[Responder 1 name  is displayed sucessfully]]>
            </line>
            <line>
              <![CDATA[patient name is displayed  sucesssfully]]>
            </line>
            <line>
              <![CDATA[ChatMember TestCase is sucessfully done  ############################# TEST IS PASS]]>
            </line>
          </reporter-output>
        </test-method> <!-- chatMemeberValidation -->
        <test-method is-config="true" signature="getResult(org.testng.ITestResult)[pri:0, instance:com.niveus.ChatMemberTest@704921a5]" started-at="2020-10-28T10:05:59 IST" name="getResult" finished-at="2020-10-28T10:05:59 IST" duration-ms="75" status="PASS">
          <params>
            <param index="0">
              <value>
                <![CDATA[[TestResult name=chatMemeberValidation status=SUCCESS method=ChatMemberTest.chatMemeberValidation()[pri:0, instance:com.niveus.ChatMemberTest@704921a5] output=Chatmember Testcase is running............]]]>
              </value>
            </param>
          </params>
          <reporter-output>
          </reporter-output>
        </test-method> <!-- getResult -->
      </class> <!-- com.niveus.ChatMemberTest -->
    </test> <!-- Surefire test -->
  </suite> <!-- Surefire suite -->
</testng-results>
