<?xml version="1.0" encoding="UTF-8"?>
<testng-results ignored="0" total="1" passed="0" failed="1" skipped="0">
  <reporter-output>
    <line>
      <![CDATA[AfyaAfya application is sucessgully launched]]>
    </line>
    <line>
      <![CDATA[Closecode Testcase is runnng..........]]>
    </line>
    <line>
      <![CDATA[Login page is sucessfully displayed]]>
    </line>
    <line>
      <![CDATA[Submitter Provider role is selected]]>
    </line>
    <line>
      <![CDATA[sucessfully logedin and HomePage is displayed]]>
    </line>
    <line>
      <![CDATA[Sucessfully chat session is displayed...in close code ....>>>>>>>>>>>>>>]]>
    </line>
    <line>
      <![CDATA[Dr. test2 prasanna has marked this consultation as Complete sucess]]>
    </line>
    <line>
      <![CDATA[close code apply sucessfully...>>>> 1]]>
    </line>
    <line>
      <![CDATA[Dr. test2 prasanna has marked this consultation as recommending an In Person Visit sucess]]>
    </line>
  </reporter-output>
  <suite started-at="2020-09-28T12:45:41 IST" name="Default suite" finished-at="2020-09-28T12:46:17 IST" duration-ms="35781">
    <groups>
    </groups>
    <test started-at="2020-09-28T12:45:41 IST" name="Default test" finished-at="2020-09-28T12:46:17 IST" duration-ms="35781">
      <class name="com.niveus.CloseCodeTest">
        <test-method is-config="true" signature="setUp()[pri:0, instance:com.niveus.CloseCodeTest@6e75aa0d]" started-at="2020-09-28T12:45:41 IST" name="setUp" finished-at="2020-09-28T12:45:41 IST" duration-ms="207" status="PASS">
          <reporter-output>
          </reporter-output>
        </test-method> <!-- setUp -->
        <test-method is-config="true" signature="configBc()[pri:0, instance:com.niveus.CloseCodeTest@6e75aa0d]" started-at="2020-09-28T12:45:41 IST" name="configBc" finished-at="2020-09-28T12:45:49 IST" duration-ms="8099" status="PASS">
          <reporter-output>
            <line>
              <![CDATA[AfyaAfya application is sucessgully launched]]>
            </line>
          </reporter-output>
        </test-method> <!-- configBc -->
        <test-method signature="closeCodeValidationTest()[pri:0, instance:com.niveus.CloseCodeTest@6e75aa0d]" started-at="2020-09-28T12:45:49 IST" name="closeCodeValidationTest" finished-at="2020-09-28T12:46:16 IST" duration-ms="27249" status="FAIL">
          <exception class="org.openqa.selenium.ElementClickInterceptedException">
            <message>
              <![CDATA[element click intercepted: Element <img src="/static/sendicon.3d7dfaf1.svg" alt="afya"> is not clickable at point (1234, 554). Other element would receive the click: <div class="ant-notification-notice ant-notification-notice-closable">...</div>
  (Session info: chrome=85.0.4183.121)
Build info: version: '3.141.59', revision: 'e82be7d358', time: '2018-11-14T08:17:03'
System info: host: 'niveus-HP-EliteBook-820-G3', ip: '127.0.1.1', os.name: 'Linux', os.arch: 'amd64', os.version: '4.15.0-118-generic', java.version: '11.0.8'
Driver info: org.openqa.selenium.chrome.ChromeDriver
Capabilities {acceptInsecureCerts: false, browserName: chrome, browserVersion: 85.0.4183.121, chrome: {chromedriverVersion: 84.0.4147.30 (48b3e868b4cc0..., userDataDir: /tmp/.com.google.Chrome.ft5dzh}, goog:chromeOptions: {debuggerAddress: localhost:39501}, javascriptEnabled: true, networkConnectionEnabled: false, pageLoadStrategy: normal, platform: LINUX, platformName: LINUX, proxy: Proxy(), setWindowRect: true, strictFileInteractability: false, timeouts: {implicit: 0, pageLoad: 300000, script: 30000}, unhandledPromptBehavior: dismiss and notify, webauthn:virtualAuthenticators: true}
Session ID: 6348fd915500b21431e3edc1c22c218c]]>
            </message>
            <full-stacktrace>
              <![CDATA[org.openqa.selenium.ElementClickInterceptedException: element click intercepted: Element <img src="/static/sendicon.3d7dfaf1.svg" alt="afya"> is not clickable at point (1234, 554). Other element would receive the click: <div class="ant-notification-notice ant-notification-notice-closable">...</div>
  (Session info: chrome=85.0.4183.121)
Build info: version: '3.141.59', revision: 'e82be7d358', time: '2018-11-14T08:17:03'
System info: host: 'niveus-HP-EliteBook-820-G3', ip: '127.0.1.1', os.name: 'Linux', os.arch: 'amd64', os.version: '4.15.0-118-generic', java.version: '11.0.8'
Driver info: org.openqa.selenium.chrome.ChromeDriver
Capabilities {acceptInsecureCerts: false, browserName: chrome, browserVersion: 85.0.4183.121, chrome: {chromedriverVersion: 84.0.4147.30 (48b3e868b4cc0..., userDataDir: /tmp/.com.google.Chrome.ft5dzh}, goog:chromeOptions: {debuggerAddress: localhost:39501}, javascriptEnabled: true, networkConnectionEnabled: false, pageLoadStrategy: normal, platform: LINUX, platformName: LINUX, proxy: Proxy(), setWindowRect: true, strictFileInteractability: false, timeouts: {implicit: 0, pageLoad: 300000, script: 30000}, unhandledPromptBehavior: dismiss and notify, webauthn:virtualAuthenticators: true}
Session ID: 6348fd915500b21431e3edc1c22c218c
at java.base/jdk.internal.reflect.NativeConstructorAccessorImpl.newInstance0(Native Method)
at java.base/jdk.internal.reflect.NativeConstructorAccessorImpl.newInstance(NativeConstructorAccessorImpl.java:62)
at java.base/jdk.internal.reflect.DelegatingConstructorAccessorImpl.newInstance(DelegatingConstructorAccessorImpl.java:45)
at java.base/java.lang.reflect.Constructor.newInstance(Constructor.java:490)
at org.openqa.selenium.remote.http.W3CHttpResponseCodec.createException(W3CHttpResponseCodec.java:187)
at org.openqa.selenium.remote.http.W3CHttpResponseCodec.decode(W3CHttpResponseCodec.java:122)
at org.openqa.selenium.remote.http.W3CHttpResponseCodec.decode(W3CHttpResponseCodec.java:49)
at org.openqa.selenium.remote.HttpCommandExecutor.execute(HttpCommandExecutor.java:158)
at org.openqa.selenium.remote.service.DriverCommandExecutor.execute(DriverCommandExecutor.java:83)
at org.openqa.selenium.remote.RemoteWebDriver.execute(RemoteWebDriver.java:552)
at org.openqa.selenium.remote.RemoteWebElement.execute(RemoteWebElement.java:285)
at org.openqa.selenium.remote.RemoteWebElement.click(RemoteWebElement.java:84)
at java.base/jdk.internal.reflect.NativeMethodAccessorImpl.invoke0(Native Method)
at java.base/jdk.internal.reflect.NativeMethodAccessorImpl.invoke(NativeMethodAccessorImpl.java:62)
at java.base/jdk.internal.reflect.DelegatingMethodAccessorImpl.invoke(DelegatingMethodAccessorImpl.java:43)
at java.base/java.lang.reflect.Method.invoke(Method.java:566)
at org.openqa.selenium.support.pagefactory.internal.LocatingElementHandler.invoke(LocatingElementHandler.java:51)
at com.sun.proxy.$Proxy14.click(Unknown Source)
at com.niveus.CloseCodeTest.closeCodeValidationTest(CloseCodeTest.java:199)
at java.base/jdk.internal.reflect.NativeMethodAccessorImpl.invoke0(Native Method)
at java.base/jdk.internal.reflect.NativeMethodAccessorImpl.invoke(NativeMethodAccessorImpl.java:62)
at java.base/jdk.internal.reflect.DelegatingMethodAccessorImpl.invoke(DelegatingMethodAccessorImpl.java:43)
at java.base/java.lang.reflect.Method.invoke(Method.java:566)
at org.testng.internal.MethodInvocationHelper.invokeMethod(MethodInvocationHelper.java:133)
at org.testng.internal.TestInvoker.invokeMethod(TestInvoker.java:584)
at org.testng.internal.TestInvoker.invokeTestMethod(TestInvoker.java:172)
at org.testng.internal.MethodRunner.runInSequence(MethodRunner.java:46)
at org.testng.internal.TestInvoker$MethodInvocationAgent.invoke(TestInvoker.java:804)
at org.testng.internal.TestInvoker.invokeTestMethods(TestInvoker.java:145)
at org.testng.internal.TestMethodWorker.invokeTestMethods(TestMethodWorker.java:146)
at org.testng.internal.TestMethodWorker.run(TestMethodWorker.java:128)
at java.base/java.util.ArrayList.forEach(ArrayList.java:1541)
at org.testng.TestRunner.privateRun(TestRunner.java:770)
at org.testng.TestRunner.run(TestRunner.java:591)
at org.testng.SuiteRunner.runTest(SuiteRunner.java:402)
at org.testng.SuiteRunner.runSequentially(SuiteRunner.java:396)
at org.testng.SuiteRunner.privateRun(SuiteRunner.java:355)
at org.testng.SuiteRunner.run(SuiteRunner.java:304)
at org.testng.SuiteRunnerWorker.runSuite(SuiteRunnerWorker.java:53)
at org.testng.SuiteRunnerWorker.run(SuiteRunnerWorker.java:96)
at org.testng.TestNG.runSuitesSequentially(TestNG.java:1180)
at org.testng.TestNG.runSuitesLocally(TestNG.java:1102)
at org.testng.TestNG.runSuites(TestNG.java:1032)
at org.testng.TestNG.run(TestNG.java:1000)
at org.testng.remote.AbstractRemoteTestNG.run(AbstractRemoteTestNG.java:115)
at org.testng.remote.RemoteTestNG.initAndRun(RemoteTestNG.java:251)
at org.testng.remote.RemoteTestNG.main(RemoteTestNG.java:77)
]]>
            </full-stacktrace>
          </exception> <!-- org.openqa.selenium.ElementClickInterceptedException -->
          <reporter-output>
            <line>
              <![CDATA[Closecode Testcase is runnng..........]]>
            </line>
            <line>
              <![CDATA[Login page is sucessfully displayed]]>
            </line>
            <line>
              <![CDATA[Submitter Provider role is selected]]>
            </line>
            <line>
              <![CDATA[sucessfully logedin and HomePage is displayed]]>
            </line>
            <line>
              <![CDATA[Sucessfully chat session is displayed...in close code ....>>>>>>>>>>>>>>]]>
            </line>
            <line>
              <![CDATA[Dr. test2 prasanna has marked this consultation as Complete sucess]]>
            </line>
            <line>
              <![CDATA[close code apply sucessfully...>>>> 1]]>
            </line>
            <line>
              <![CDATA[Dr. test2 prasanna has marked this consultation as recommending an In Person Visit sucess]]>
            </line>
          </reporter-output>
        </test-method> <!-- closeCodeValidationTest -->
        <test-method is-config="true" signature="getResult(org.testng.ITestResult)[pri:0, instance:com.niveus.CloseCodeTest@6e75aa0d]" started-at="2020-09-28T12:46:16 IST" name="getResult" finished-at="2020-09-28T12:46:17 IST" duration-ms="390" status="PASS">
          <params>
            <param index="0">
              <value>
                <![CDATA[[TestResult name=closeCodeValidationTest status=FAILURE method=CloseCodeTest.closeCodeValidationTest()[pri:0, instance:com.niveus.CloseCodeTest@6e75aa0d] output=Closecode Testcase is runnng..........]]]>
              </value>
            </param>
          </params>
          <reporter-output>
          </reporter-output>
        </test-method> <!-- getResult -->
        <test-method is-config="true" signature="flushReport()[pri:0, instance:com.niveus.CloseCodeTest@6e75aa0d]" started-at="2020-09-28T12:46:17 IST" name="flushReport" finished-at="2020-09-28T12:47:19 IST" duration-ms="61756" status="PASS">
          <reporter-output>
          </reporter-output>
        </test-method> <!-- flushReport -->
      </class> <!-- com.niveus.CloseCodeTest -->
    </test> <!-- Default test -->
  </suite> <!-- Default suite -->
</testng-results>
